<?xml version="1.0" encoding="UTF-8"?>
<!-- Generated by org.testng.reporters.JUnitXMLReporter -->
<testsuite ignored="0" hostname="0c0044c5a24f" failures="0" tests="5" name="passengers-count-2" time="5.972" errors="0" timestamp="2024-02-24T14:47:45 GMT">
  <testcase classname="com.vinsquru.tests.AbstractTest" name="@BeforeTest setDriver" time="4.448">
    <failure type="org.openqa.selenium.SessionNotCreatedException" message="Could not start a new session. Possible causes are invalid address of the remote server or browser start-up failure. 
Host info: host: &amp;apos;0c0044c5a24f&amp;apos;, ip: &amp;apos;172.17.0.2&amp;apos;">
      <![CDATA[org.openqa.selenium.SessionNotCreatedException: Could not start a new session. Possible causes are invalid address of the remote server or browser start-up failure. 
Host info: host: '0c0044c5a24f', ip: '172.17.0.2'
at org.openqa.selenium.remote.RemoteWebDriver.execute(RemoteWebDriver.java:537)
at org.openqa.selenium.remote.RemoteWebDriver.startSession(RemoteWebDriver.java:233)
at org.openqa.selenium.remote.RemoteWebDriver.<init>(RemoteWebDriver.java:162)
at org.openqa.selenium.chromium.ChromiumDriver.<init>(ChromiumDriver.java:114)
at org.openqa.selenium.chrome.ChromeDriver.<init>(ChromeDriver.java:89)
at org.openqa.selenium.chrome.ChromeDriver.<init>(ChromeDriver.java:84)
at org.openqa.selenium.chrome.ChromeDriver.<init>(ChromeDriver.java:73)
at com.vinsquru.tests.AbstractTest.getLocalDriver(AbstractTest.java:53)
at com.vinsquru.tests.AbstractTest.setDriver(AbstractTest.java:34)
at java.base/java.util.concurrent.FutureTask.run(FutureTask.java:264)
at java.base/java.util.concurrent.ThreadPoolExecutor.runWorker(ThreadPoolExecutor.java:1136)
at java.base/java.util.concurrent.ThreadPoolExecutor$Worker.run(ThreadPoolExecutor.java:635)
at java.base/java.lang.Thread.run(Thread.java:833)
Caused by: org.openqa.selenium.WebDriverException: Driver server process died prematurely.
Build info: version: '4.17.0', revision: 'e52b1be057*'
System info: os.name: 'Linux', os.arch: 'aarch64', os.version: '5.15.49-linuxkit', java.version: '17.0.8.1'
Driver info: driver.version: ChromeDriver
at org.openqa.selenium.remote.service.DriverService.start(DriverService.java:247)
at org.openqa.selenium.remote.service.DriverCommandExecutor.execute(DriverCommandExecutor.java:117)
at org.openqa.selenium.remote.RemoteWebDriver.execute(RemoteWebDriver.java:519)
... 26 more
... Removed 14 stack frames]]>
    </failure>
  </testcase> <!-- @BeforeTest setDriver -->
  <testcase classname="com.vinsquru.tests.fightreservation.FlightReservationTest" name="@BeforeTest setParameters" time="0.0">
    <skipped/>
  </testcase> <!-- @BeforeTest setParameters -->
  <testcase classname="com.vinsquru.tests.AbstractTest" name="@AfterMethod sleep" time="0.0">
    <skipped/>
  </testcase> <!-- @AfterMethod sleep -->
  <testcase classname="com.vinsquru.tests.AbstractTest" name="@AfterTest quiteDriver" time="0.0">
    <skipped/>
  </testcase> <!-- @AfterTest quiteDriver -->
  <testcase classname="com.vinsquru.tests.fightreservation.FlightReservationTest" name="userRegistrationtest" time="0.0">
    <skipped/>
  </testcase> <!-- userRegistrationtest -->
  <testcase classname="com.vinsquru.tests.fightreservation.FlightReservationTest" name="registrationConfirmationTest" time="0.0">
    <skipped/>
  </testcase> <!-- registrationConfirmationTest -->
  <testcase classname="com.vinsquru.tests.fightreservation.FlightReservationTest" name="flightsSearchTest" time="0.0">
    <skipped/>
  </testcase> <!-- flightsSearchTest -->
  <testcase classname="com.vinsquru.tests.fightreservation.FlightReservationTest" name="flightsSelectionTest" time="0.0">
    <skipped/>
  </testcase> <!-- flightsSelectionTest -->
  <testcase classname="com.vinsquru.tests.fightreservation.FlightReservationTest" name="fightReservationConfirmationTest" time="0.0">
    <skipped/>
  </testcase> <!-- fightReservationConfirmationTest -->
</testsuite> <!-- passengers-count-2 -->
