<!DOCTYPE html PUBLIC "-//W3C//DTD XHTML 1.1//EN" "https://www.w3.org/TR/xhtml11/DTD/xhtml11.dtd">
<html xmlns="https://www.w3.org/1999/xhtml">
<head>
<meta http-equiv="content-type" content="text/html; charset=UTF-8"/>
<title>TestNG Report</title>
<style type="text/css">table {margin-bottom:10px;border-collapse:collapse;empty-cells:show}th,td {border:1px solid #009;padding:.25em .5em}th {vertical-align:bottom}td {vertical-align:top}table a {font-weight:bold}.stripe td {background-color: #E6EBF9}.num {text-align:right}.passedodd td {background-color: #3F3}.passedeven td {background-color: #0A0}.skippedodd td {background-color: #DDD}.skippedeven td {background-color: #CCC}.failedodd td,.attn {background-color: #F33}.failedeven td,.stripe .attn {background-color: #D00}.stacktrace {white-space:pre;font-family:monospace}.totop {font-size:85%;text-align:center;border-bottom:2px solid #000}.invisible {display:none}</style>
</head>
<body>
<table>
<tr><th>Test</th><th># Passed</th><th># Skipped</th><th># Retried</th><th># Failed</th><th>Time (ms)</th><th>Included Groups</th><th>Excluded Groups</th></tr>
<tr><th colspan="8">FlightReservationTest</th></tr>
<tr><td><a href="#t0">passengers-count-1</a></td><td class="num">0</td><td class="num attn">5</td><td class="num">0</td><td class="num">0</td><td class="num">3,265</td><td></td><td></td></tr>
<tr class="stripe"><td><a href="#t1">passengers-count-3</a></td><td class="num">0</td><td class="num attn">5</td><td class="num">0</td><td class="num">0</td><td class="num">4,451</td><td></td><td></td></tr>
<tr><td><a href="#t2">passengers-count-2</a></td><td class="num">0</td><td class="num attn">5</td><td class="num">0</td><td class="num">0</td><td class="num">5,972</td><td></td><td></td></tr>
<tr class="stripe"><td><a href="#t3">passengers-count-4</a></td><td class="num">0</td><td class="num attn">5</td><td class="num">0</td><td class="num">0</td><td class="num">6,138</td><td></td><td></td></tr>
<tr><th>Total</th><th class="num">0</th><th class="num attn">20</th><th class="num">0</th><th class="num">0</th><th class="num">19,826</th><th colspan="2"></th></tr>
</table>
<table id='summary'><thead><tr><th>Class</th><th>Method</th><th>Start</th><th>Time (ms)</th></tr></thead><tbody><tr><th colspan="4">FlightReservationTest</th></tr></tbody><tbody id="t0"><tr><th colspan="4">passengers-count-1 &#8212; failed (configuration methods)</th></tr><tr class="failedeven"><td rowspan="1">com.vinsquru.tests.fightreservation.FlightReservationTest</td><td><a href="#m0">setDriver</a></td><td rowspan="1">1708786059705</td><td rowspan="1">3247</td></tr><tr><th colspan="4">passengers-count-1 &#8212; skipped (configuration methods)</th></tr><tr class="skippedeven"><td rowspan="3">com.vinsquru.tests.fightreservation.FlightReservationTest</td><td><a href="#m1">quiteDriver</a></td><td rowspan="1">1708786062963</td><td rowspan="1">0</td></tr><tr class="skippedeven"><td><a href="#m2">setParameters</a></td><td rowspan="1">1708786062952</td><td rowspan="1">0</td></tr><tr class="skippedeven"><td><a href="#m3">sleep</a></td><td rowspan="1">1708786062961</td><td rowspan="1">0</td></tr><tr><th colspan="4">passengers-count-1 &#8212; skipped</th></tr><tr class="skippedeven"><td rowspan="5">com.vinsquru.tests.fightreservation.FlightReservationTest</td><td><a href="#m4">fightReservationConfirmationTest</a></td><td rowspan="1">1708786062963</td><td rowspan="1">0</td></tr><tr class="skippedeven"><td><a href="#m5">flightsSearchTest</a></td><td rowspan="1">1708786062963</td><td rowspan="1">0</td></tr><tr class="skippedeven"><td><a href="#m6">flightsSelectionTest</a></td><td rowspan="1">1708786062963</td><td rowspan="1">0</td></tr><tr class="skippedeven"><td><a href="#m7">registrationConfirmationTest</a></td><td rowspan="1">1708786062962</td><td rowspan="1">0</td></tr><tr class="skippedeven"><td><a href="#m8">userRegistrationtest</a></td><td rowspan="1">1708786062961</td><td rowspan="1">0</td></tr></tbody>
<tbody id="t1"><tr><th colspan="4">passengers-count-3 &#8212; failed (configuration methods)</th></tr><tr class="failedeven"><td rowspan="1">com.vinsquru.tests.fightreservation.FlightReservationTest</td><td><a href="#m9">setDriver</a></td><td rowspan="1">1708786059713</td><td rowspan="1">4448</td></tr><tr><th colspan="4">passengers-count-3 &#8212; skipped (configuration methods)</th></tr><tr class="skippedeven"><td rowspan="3">com.vinsquru.tests.fightreservation.FlightReservationTest</td><td><a href="#m10">quiteDriver</a></td><td rowspan="1">1708786064163</td><td rowspan="1">0</td></tr><tr class="skippedeven"><td><a href="#m11">setParameters</a></td><td rowspan="1">1708786064161</td><td rowspan="1">0</td></tr><tr class="skippedeven"><td><a href="#m12">sleep</a></td><td rowspan="1">1708786064162</td><td rowspan="1">0</td></tr><tr><th colspan="4">passengers-count-3 &#8212; skipped</th></tr><tr class="skippedeven"><td rowspan="5">com.vinsquru.tests.fightreservation.FlightReservationTest</td><td><a href="#m13">fightReservationConfirmationTest</a></td><td rowspan="1">1708786064163</td><td rowspan="1">0</td></tr><tr class="skippedeven"><td><a href="#m14">flightsSearchTest</a></td><td rowspan="1">1708786064162</td><td rowspan="1">0</td></tr><tr class="skippedeven"><td><a href="#m15">flightsSelectionTest</a></td><td rowspan="1">1708786064162</td><td rowspan="1">0</td></tr><tr class="skippedeven"><td><a href="#m16">registrationConfirmationTest</a></td><td rowspan="1">1708786064162</td><td rowspan="1">0</td></tr><tr class="skippedeven"><td><a href="#m17">userRegistrationtest</a></td><td rowspan="1">1708786064162</td><td rowspan="1">0</td></tr></tbody>
<tbody id="t2"><tr><th colspan="4">passengers-count-2 &#8212; failed (configuration methods)</th></tr><tr class="failedeven"><td rowspan="1">com.vinsquru.tests.fightreservation.FlightReservationTest</td><td><a href="#m18">setDriver</a></td><td rowspan="1">1708786059701</td><td rowspan="1">5967</td></tr><tr><th colspan="4">passengers-count-2 &#8212; skipped (configuration methods)</th></tr><tr class="skippedeven"><td rowspan="3">com.vinsquru.tests.fightreservation.FlightReservationTest</td><td><a href="#m19">quiteDriver</a></td><td rowspan="1">1708786065670</td><td rowspan="1">0</td></tr><tr class="skippedeven"><td><a href="#m20">setParameters</a></td><td rowspan="1">1708786065668</td><td rowspan="1">0</td></tr><tr class="skippedeven"><td><a href="#m21">sleep</a></td><td rowspan="1">1708786065669</td><td rowspan="1">0</td></tr><tr><th colspan="4">passengers-count-2 &#8212; skipped</th></tr><tr class="skippedeven"><td rowspan="5">com.vinsquru.tests.fightreservation.FlightReservationTest</td><td><a href="#m22">fightReservationConfirmationTest</a></td><td rowspan="1">1708786065670</td><td rowspan="1">0</td></tr><tr class="skippedeven"><td><a href="#m23">flightsSearchTest</a></td><td rowspan="1">1708786065670</td><td rowspan="1">0</td></tr><tr class="skippedeven"><td><a href="#m24">flightsSelectionTest</a></td><td rowspan="1">1708786065670</td><td rowspan="1">0</td></tr><tr class="skippedeven"><td><a href="#m25">registrationConfirmationTest</a></td><td rowspan="1">1708786065670</td><td rowspan="1">0</td></tr><tr class="skippedeven"><td><a href="#m26">userRegistrationtest</a></td><td rowspan="1">1708786065669</td><td rowspan="1">0</td></tr></tbody>
<tbody id="t3"><tr><th colspan="4">passengers-count-4 &#8212; failed (configuration methods)</th></tr><tr class="failedeven"><td rowspan="1">com.vinsquru.tests.fightreservation.FlightReservationTest</td><td><a href="#m27">setDriver</a></td><td rowspan="1">1708786059712</td><td rowspan="1">6130</td></tr><tr><th colspan="4">passengers-count-4 &#8212; skipped (configuration methods)</th></tr><tr class="skippedeven"><td rowspan="3">com.vinsquru.tests.fightreservation.FlightReservationTest</td><td><a href="#m28">quiteDriver</a></td><td rowspan="1">1708786065844</td><td rowspan="1">0</td></tr><tr class="skippedeven"><td><a href="#m29">setParameters</a></td><td rowspan="1">1708786065842</td><td rowspan="1">0</td></tr><tr class="skippedeven"><td><a href="#m30">sleep</a></td><td rowspan="1">1708786065843</td><td rowspan="1">0</td></tr><tr><th colspan="4">passengers-count-4 &#8212; skipped</th></tr><tr class="skippedeven"><td rowspan="5">com.vinsquru.tests.fightreservation.FlightReservationTest</td><td><a href="#m31">fightReservationConfirmationTest</a></td><td rowspan="1">1708786065844</td><td rowspan="1">0</td></tr><tr class="skippedeven"><td><a href="#m32">flightsSearchTest</a></td><td rowspan="1">1708786065843</td><td rowspan="1">0</td></tr><tr class="skippedeven"><td><a href="#m33">flightsSelectionTest</a></td><td rowspan="1">1708786065844</td><td rowspan="1">0</td></tr><tr class="skippedeven"><td><a href="#m34">registrationConfirmationTest</a></td><td rowspan="1">1708786065843</td><td rowspan="1">0</td></tr><tr class="skippedeven"><td><a href="#m35">userRegistrationtest</a></td><td rowspan="1">1708786065843</td><td rowspan="1">0</td></tr></tbody>
</table>
<h2>passengers-count-1</h2><h3 id="m0">com.vinsquru.tests.fightreservation.FlightReservationTest#setDriver</h3><table class="result"><tr class="param"><th>Parameter #1</th></tr><tr class="param stripe"><td>org.testng.TestRunner@478b9d50</td></tr><tr><th>Exception</th></tr><tr><td><div class="stacktrace">org.openqa.selenium.SessionNotCreatedException: Could not start a new session. Possible causes are invalid address of the remote server or browser start-up failure. 
Host info: host: &apos;0c0044c5a24f&apos;, ip: &apos;172.17.0.2&apos;
	at org.openqa.selenium.remote.RemoteWebDriver.execute(RemoteWebDriver.java:537)
	at org.openqa.selenium.remote.RemoteWebDriver.startSession(RemoteWebDriver.java:233)
	at org.openqa.selenium.remote.RemoteWebDriver.&lt;init&gt;(RemoteWebDriver.java:162)
	at org.openqa.selenium.chromium.ChromiumDriver.&lt;init&gt;(ChromiumDriver.java:114)
	at org.openqa.selenium.chrome.ChromeDriver.&lt;init&gt;(ChromeDriver.java:89)
	at org.openqa.selenium.chrome.ChromeDriver.&lt;init&gt;(ChromeDriver.java:84)
	at org.openqa.selenium.chrome.ChromeDriver.&lt;init&gt;(ChromeDriver.java:73)
	at com.vinsquru.tests.AbstractTest.getLocalDriver(AbstractTest.java:53)
	at com.vinsquru.tests.AbstractTest.setDriver(AbstractTest.java:34)
	at java.base/java.util.concurrent.FutureTask.run(FutureTask.java:264)
	at java.base/java.util.concurrent.ThreadPoolExecutor.runWorker(ThreadPoolExecutor.java:1136)
	at java.base/java.util.concurrent.ThreadPoolExecutor$Worker.run(ThreadPoolExecutor.java:635)
	at java.base/java.lang.Thread.run(Thread.java:833)
Caused by: org.openqa.selenium.WebDriverException: Driver server process died prematurely.
Build info: version: &apos;4.17.0&apos;, revision: &apos;e52b1be057*&apos;
System info: os.name: &apos;Linux&apos;, os.arch: &apos;aarch64&apos;, os.version: &apos;5.15.49-linuxkit&apos;, java.version: &apos;17.0.8.1&apos;
Driver info: driver.version: ChromeDriver
	at org.openqa.selenium.remote.service.DriverService.start(DriverService.java:247)
	at org.openqa.selenium.remote.service.DriverCommandExecutor.execute(DriverCommandExecutor.java:117)
	at org.openqa.selenium.remote.RemoteWebDriver.execute(RemoteWebDriver.java:519)
	... 26 more
... Removed 14 stack frames</div></td></tr></table><p class="totop"><a href="#summary">back to summary</a></p>
<h3 id="m1">com.vinsquru.tests.fightreservation.FlightReservationTest#quiteDriver</h3><table class="result"><tr><th class="invisible"/></tr></table><p class="totop"><a href="#summary">back to summary</a></p>
<h3 id="m2">com.vinsquru.tests.fightreservation.FlightReservationTest#setParameters</h3><table class="result"><tr><th class="invisible"/></tr></table><p class="totop"><a href="#summary">back to summary</a></p>
<h3 id="m3">com.vinsquru.tests.fightreservation.FlightReservationTest#sleep</h3><table class="result"><tr><th class="invisible"/></tr></table><p class="totop"><a href="#summary">back to summary</a></p>
<h3 id="m4">com.vinsquru.tests.fightreservation.FlightReservationTest#fightReservationConfirmationTest</h3><table class="result"><tr><th>Exception</th></tr><tr><td><div class="stacktrace">java.lang.Throwable: Method com.vinsquru.tests.fightreservation.FlightReservationTest.fightReservationConfirmationTest() on instance com.vinsquru.tests.fightreservation.FlightReservationTest@1c39680d depends on not successfully finished methods 
[com.vinsquru.tests.fightreservation.FlightReservationTest.flightsSelectionTest() on instance com.vinsquru.tests.fightreservation.FlightReservationTest@1c39680d]
	at java.base/java.util.ArrayList.forEach(ArrayList.java:1511)
	at java.base/java.util.concurrent.FutureTask.run(FutureTask.java:264)
	at java.base/java.util.concurrent.ThreadPoolExecutor.runWorker(ThreadPoolExecutor.java:1136)
	at java.base/java.util.concurrent.ThreadPoolExecutor$Worker.run(ThreadPoolExecutor.java:635)
	at java.base/java.lang.Thread.run(Thread.java:833)
... Removed 8 stack frames</div></td></tr></table><p class="totop"><a href="#summary">back to summary</a></p>
<h3 id="m5">com.vinsquru.tests.fightreservation.FlightReservationTest#flightsSearchTest</h3><table class="result"><tr><th>Exception</th></tr><tr><td><div class="stacktrace">java.lang.Throwable: Method com.vinsquru.tests.fightreservation.FlightReservationTest.flightsSearchTest() on instance com.vinsquru.tests.fightreservation.FlightReservationTest@1c39680d depends on not successfully finished methods 
[com.vinsquru.tests.fightreservation.FlightReservationTest.registrationConfirmationTest() on instance com.vinsquru.tests.fightreservation.FlightReservationTest@1c39680d]
	at java.base/java.util.ArrayList.forEach(ArrayList.java:1511)
	at java.base/java.util.concurrent.FutureTask.run(FutureTask.java:264)
	at java.base/java.util.concurrent.ThreadPoolExecutor.runWorker(ThreadPoolExecutor.java:1136)
	at java.base/java.util.concurrent.ThreadPoolExecutor$Worker.run(ThreadPoolExecutor.java:635)
	at java.base/java.lang.Thread.run(Thread.java:833)
... Removed 8 stack frames</div></td></tr></table><p class="totop"><a href="#summary">back to summary</a></p>
<h3 id="m6">com.vinsquru.tests.fightreservation.FlightReservationTest#flightsSelectionTest</h3><table class="result"><tr><th>Exception</th></tr><tr><td><div class="stacktrace">java.lang.Throwable: Method com.vinsquru.tests.fightreservation.FlightReservationTest.flightsSelectionTest() on instance com.vinsquru.tests.fightreservation.FlightReservationTest@1c39680d depends on not successfully finished methods 
[com.vinsquru.tests.fightreservation.FlightReservationTest.flightsSearchTest() on instance com.vinsquru.tests.fightreservation.FlightReservationTest@1c39680d]
	at java.base/java.util.ArrayList.forEach(ArrayList.java:1511)
	at java.base/java.util.concurrent.FutureTask.run(FutureTask.java:264)
	at java.base/java.util.concurrent.ThreadPoolExecutor.runWorker(ThreadPoolExecutor.java:1136)
	at java.base/java.util.concurrent.ThreadPoolExecutor$Worker.run(ThreadPoolExecutor.java:635)
	at java.base/java.lang.Thread.run(Thread.java:833)
... Removed 8 stack frames</div></td></tr></table><p class="totop"><a href="#summary">back to summary</a></p>
<h3 id="m7">com.vinsquru.tests.fightreservation.FlightReservationTest#registrationConfirmationTest</h3><table class="result"><tr><th>Exception</th></tr><tr><td><div class="stacktrace">java.lang.Throwable: Method com.vinsquru.tests.fightreservation.FlightReservationTest.registrationConfirmationTest() on instance com.vinsquru.tests.fightreservation.FlightReservationTest@1c39680d depends on not successfully finished methods 
[com.vinsquru.tests.fightreservation.FlightReservationTest.userRegistrationtest() on instance com.vinsquru.tests.fightreservation.FlightReservationTest@1c39680d]
	at java.base/java.util.ArrayList.forEach(ArrayList.java:1511)
	at java.base/java.util.concurrent.FutureTask.run(FutureTask.java:264)
	at java.base/java.util.concurrent.ThreadPoolExecutor.runWorker(ThreadPoolExecutor.java:1136)
	at java.base/java.util.concurrent.ThreadPoolExecutor$Worker.run(ThreadPoolExecutor.java:635)
	at java.base/java.lang.Thread.run(Thread.java:833)
... Removed 8 stack frames</div></td></tr></table><p class="totop"><a href="#summary">back to summary</a></p>
<h3 id="m8">com.vinsquru.tests.fightreservation.FlightReservationTest#userRegistrationtest</h3><table class="result"><tr><th>Exception</th></tr><tr><td><div class="stacktrace">org.openqa.selenium.SessionNotCreatedException: Could not start a new session. Possible causes are invalid address of the remote server or browser start-up failure. 
Host info: host: &apos;0c0044c5a24f&apos;, ip: &apos;172.17.0.2&apos;
	at org.openqa.selenium.remote.RemoteWebDriver.execute(RemoteWebDriver.java:537)
	at org.openqa.selenium.remote.RemoteWebDriver.startSession(RemoteWebDriver.java:233)
	at org.openqa.selenium.remote.RemoteWebDriver.&lt;init&gt;(RemoteWebDriver.java:162)
	at org.openqa.selenium.chromium.ChromiumDriver.&lt;init&gt;(ChromiumDriver.java:114)
	at org.openqa.selenium.chrome.ChromeDriver.&lt;init&gt;(ChromeDriver.java:89)
	at org.openqa.selenium.chrome.ChromeDriver.&lt;init&gt;(ChromeDriver.java:84)
	at org.openqa.selenium.chrome.ChromeDriver.&lt;init&gt;(ChromeDriver.java:73)
	at com.vinsquru.tests.AbstractTest.getLocalDriver(AbstractTest.java:53)
	at com.vinsquru.tests.AbstractTest.setDriver(AbstractTest.java:34)
	at java.base/java.util.concurrent.FutureTask.run(FutureTask.java:264)
	at java.base/java.util.concurrent.ThreadPoolExecutor.runWorker(ThreadPoolExecutor.java:1136)
	at java.base/java.util.concurrent.ThreadPoolExecutor$Worker.run(ThreadPoolExecutor.java:635)
	at java.base/java.lang.Thread.run(Thread.java:833)
Caused by: org.openqa.selenium.WebDriverException: Driver server process died prematurely.
Build info: version: &apos;4.17.0&apos;, revision: &apos;e52b1be057*&apos;
System info: os.name: &apos;Linux&apos;, os.arch: &apos;aarch64&apos;, os.version: &apos;5.15.49-linuxkit&apos;, java.version: &apos;17.0.8.1&apos;
Driver info: driver.version: ChromeDriver
	at org.openqa.selenium.remote.service.DriverService.start(DriverService.java:247)
	at org.openqa.selenium.remote.service.DriverCommandExecutor.execute(DriverCommandExecutor.java:117)
	at org.openqa.selenium.remote.RemoteWebDriver.execute(RemoteWebDriver.java:519)
	... 26 more
... Removed 14 stack frames</div></td></tr></table><p class="totop"><a href="#summary">back to summary</a></p>
<h2>passengers-count-3</h2><h3 id="m9">com.vinsquru.tests.fightreservation.FlightReservationTest#setDriver</h3><table class="result"><tr class="param"><th>Parameter #1</th></tr><tr class="param stripe"><td>org.testng.TestRunner@2ac98621</td></tr><tr><th>Exception</th></tr><tr><td><div class="stacktrace">org.openqa.selenium.SessionNotCreatedException: Could not start a new session. Possible causes are invalid address of the remote server or browser start-up failure. 
Host info: host: &apos;0c0044c5a24f&apos;, ip: &apos;172.17.0.2&apos;
	at org.openqa.selenium.remote.RemoteWebDriver.execute(RemoteWebDriver.java:537)
	at org.openqa.selenium.remote.RemoteWebDriver.startSession(RemoteWebDriver.java:233)
	at org.openqa.selenium.remote.RemoteWebDriver.&lt;init&gt;(RemoteWebDriver.java:162)
	at org.openqa.selenium.chromium.ChromiumDriver.&lt;init&gt;(ChromiumDriver.java:114)
	at org.openqa.selenium.chrome.ChromeDriver.&lt;init&gt;(ChromeDriver.java:89)
	at org.openqa.selenium.chrome.ChromeDriver.&lt;init&gt;(ChromeDriver.java:84)
	at org.openqa.selenium.chrome.ChromeDriver.&lt;init&gt;(ChromeDriver.java:73)
	at com.vinsquru.tests.AbstractTest.getLocalDriver(AbstractTest.java:53)
	at com.vinsquru.tests.AbstractTest.setDriver(AbstractTest.java:34)
	at java.base/java.util.concurrent.FutureTask.run(FutureTask.java:264)
	at java.base/java.util.concurrent.ThreadPoolExecutor.runWorker(ThreadPoolExecutor.java:1136)
	at java.base/java.util.concurrent.ThreadPoolExecutor$Worker.run(ThreadPoolExecutor.java:635)
	at java.base/java.lang.Thread.run(Thread.java:833)
Caused by: org.openqa.selenium.WebDriverException: Driver server process died prematurely.
Build info: version: &apos;4.17.0&apos;, revision: &apos;e52b1be057*&apos;
System info: os.name: &apos;Linux&apos;, os.arch: &apos;aarch64&apos;, os.version: &apos;5.15.49-linuxkit&apos;, java.version: &apos;17.0.8.1&apos;
Driver info: driver.version: ChromeDriver
	at org.openqa.selenium.remote.service.DriverService.start(DriverService.java:247)
	at org.openqa.selenium.remote.service.DriverCommandExecutor.execute(DriverCommandExecutor.java:117)
	at org.openqa.selenium.remote.RemoteWebDriver.execute(RemoteWebDriver.java:519)
	... 26 more
... Removed 14 stack frames</div></td></tr></table><p class="totop"><a href="#summary">back to summary</a></p>
<h3 id="m10">com.vinsquru.tests.fightreservation.FlightReservationTest#quiteDriver</h3><table class="result"><tr><th class="invisible"/></tr></table><p class="totop"><a href="#summary">back to summary</a></p>
<h3 id="m11">com.vinsquru.tests.fightreservation.FlightReservationTest#setParameters</h3><table class="result"><tr><th class="invisible"/></tr></table><p class="totop"><a href="#summary">back to summary</a></p>
<h3 id="m12">com.vinsquru.tests.fightreservation.FlightReservationTest#sleep</h3><table class="result"><tr><th class="invisible"/></tr></table><p class="totop"><a href="#summary">back to summary</a></p>
<h3 id="m13">com.vinsquru.tests.fightreservation.FlightReservationTest#fightReservationConfirmationTest</h3><table class="result"><tr><th>Exception</th></tr><tr><td><div class="stacktrace">java.lang.Throwable: Method com.vinsquru.tests.fightreservation.FlightReservationTest.fightReservationConfirmationTest() on instance com.vinsquru.tests.fightreservation.FlightReservationTest@5b3f61ff depends on not successfully finished methods 
[com.vinsquru.tests.fightreservation.FlightReservationTest.flightsSelectionTest() on instance com.vinsquru.tests.fightreservation.FlightReservationTest@5b3f61ff]
	at java.base/java.util.ArrayList.forEach(ArrayList.java:1511)
	at java.base/java.util.concurrent.FutureTask.run(FutureTask.java:264)
	at java.base/java.util.concurrent.ThreadPoolExecutor.runWorker(ThreadPoolExecutor.java:1136)
	at java.base/java.util.concurrent.ThreadPoolExecutor$Worker.run(ThreadPoolExecutor.java:635)
	at java.base/java.lang.Thread.run(Thread.java:833)
... Removed 8 stack frames</div></td></tr></table><p class="totop"><a href="#summary">back to summary</a></p>
<h3 id="m14">com.vinsquru.tests.fightreservation.FlightReservationTest#flightsSearchTest</h3><table class="result"><tr><th>Exception</th></tr><tr><td><div class="stacktrace">java.lang.Throwable: Method com.vinsquru.tests.fightreservation.FlightReservationTest.flightsSearchTest() on instance com.vinsquru.tests.fightreservation.FlightReservationTest@5b3f61ff depends on not successfully finished methods 
[com.vinsquru.tests.fightreservation.FlightReservationTest.registrationConfirmationTest() on instance com.vinsquru.tests.fightreservation.FlightReservationTest@5b3f61ff]
	at java.base/java.util.ArrayList.forEach(ArrayList.java:1511)
	at java.base/java.util.concurrent.FutureTask.run(FutureTask.java:264)
	at java.base/java.util.concurrent.ThreadPoolExecutor.runWorker(ThreadPoolExecutor.java:1136)
	at java.base/java.util.concurrent.ThreadPoolExecutor$Worker.run(ThreadPoolExecutor.java:635)
	at java.base/java.lang.Thread.run(Thread.java:833)
... Removed 8 stack frames</div></td></tr></table><p class="totop"><a href="#summary">back to summary</a></p>
<h3 id="m15">com.vinsquru.tests.fightreservation.FlightReservationTest#flightsSelectionTest</h3><table class="result"><tr><th>Exception</th></tr><tr><td><div class="stacktrace">java.lang.Throwable: Method com.vinsquru.tests.fightreservation.FlightReservationTest.flightsSelectionTest() on instance com.vinsquru.tests.fightreservation.FlightReservationTest@5b3f61ff depends on not successfully finished methods 
[com.vinsquru.tests.fightreservation.FlightReservationTest.flightsSearchTest() on instance com.vinsquru.tests.fightreservation.FlightReservationTest@5b3f61ff]
	at java.base/java.util.ArrayList.forEach(ArrayList.java:1511)
	at java.base/java.util.concurrent.FutureTask.run(FutureTask.java:264)
	at java.base/java.util.concurrent.ThreadPoolExecutor.runWorker(ThreadPoolExecutor.java:1136)
	at java.base/java.util.concurrent.ThreadPoolExecutor$Worker.run(ThreadPoolExecutor.java:635)
	at java.base/java.lang.Thread.run(Thread.java:833)
... Removed 8 stack frames</div></td></tr></table><p class="totop"><a href="#summary">back to summary</a></p>
<h3 id="m16">com.vinsquru.tests.fightreservation.FlightReservationTest#registrationConfirmationTest</h3><table class="result"><tr><th>Exception</th></tr><tr><td><div class="stacktrace">java.lang.Throwable: Method com.vinsquru.tests.fightreservation.FlightReservationTest.registrationConfirmationTest() on instance com.vinsquru.tests.fightreservation.FlightReservationTest@5b3f61ff depends on not successfully finished methods 
[com.vinsquru.tests.fightreservation.FlightReservationTest.userRegistrationtest() on instance com.vinsquru.tests.fightreservation.FlightReservationTest@5b3f61ff]
	at java.base/java.util.ArrayList.forEach(ArrayList.java:1511)
	at java.base/java.util.concurrent.FutureTask.run(FutureTask.java:264)
	at java.base/java.util.concurrent.ThreadPoolExecutor.runWorker(ThreadPoolExecutor.java:1136)
	at java.base/java.util.concurrent.ThreadPoolExecutor$Worker.run(ThreadPoolExecutor.java:635)
	at java.base/java.lang.Thread.run(Thread.java:833)
... Removed 8 stack frames</div></td></tr></table><p class="totop"><a href="#summary">back to summary</a></p>
<h3 id="m17">com.vinsquru.tests.fightreservation.FlightReservationTest#userRegistrationtest</h3><table class="result"><tr><th>Exception</th></tr><tr><td><div class="stacktrace">org.openqa.selenium.SessionNotCreatedException: Could not start a new session. Possible causes are invalid address of the remote server or browser start-up failure. 
Host info: host: &apos;0c0044c5a24f&apos;, ip: &apos;172.17.0.2&apos;
	at org.openqa.selenium.remote.RemoteWebDriver.execute(RemoteWebDriver.java:537)
	at org.openqa.selenium.remote.RemoteWebDriver.startSession(RemoteWebDriver.java:233)
	at org.openqa.selenium.remote.RemoteWebDriver.&lt;init&gt;(RemoteWebDriver.java:162)
	at org.openqa.selenium.chromium.ChromiumDriver.&lt;init&gt;(ChromiumDriver.java:114)
	at org.openqa.selenium.chrome.ChromeDriver.&lt;init&gt;(ChromeDriver.java:89)
	at org.openqa.selenium.chrome.ChromeDriver.&lt;init&gt;(ChromeDriver.java:84)
	at org.openqa.selenium.chrome.ChromeDriver.&lt;init&gt;(ChromeDriver.java:73)
	at com.vinsquru.tests.AbstractTest.getLocalDriver(AbstractTest.java:53)
	at com.vinsquru.tests.AbstractTest.setDriver(AbstractTest.java:34)
	at java.base/java.util.concurrent.FutureTask.run(FutureTask.java:264)
	at java.base/java.util.concurrent.ThreadPoolExecutor.runWorker(ThreadPoolExecutor.java:1136)
	at java.base/java.util.concurrent.ThreadPoolExecutor$Worker.run(ThreadPoolExecutor.java:635)
	at java.base/java.lang.Thread.run(Thread.java:833)
Caused by: org.openqa.selenium.WebDriverException: Driver server process died prematurely.
Build info: version: &apos;4.17.0&apos;, revision: &apos;e52b1be057*&apos;
System info: os.name: &apos;Linux&apos;, os.arch: &apos;aarch64&apos;, os.version: &apos;5.15.49-linuxkit&apos;, java.version: &apos;17.0.8.1&apos;
Driver info: driver.version: ChromeDriver
	at org.openqa.selenium.remote.service.DriverService.start(DriverService.java:247)
	at org.openqa.selenium.remote.service.DriverCommandExecutor.execute(DriverCommandExecutor.java:117)
	at org.openqa.selenium.remote.RemoteWebDriver.execute(RemoteWebDriver.java:519)
	... 26 more
... Removed 14 stack frames</div></td></tr></table><p class="totop"><a href="#summary">back to summary</a></p>
<h2>passengers-count-2</h2><h3 id="m18">com.vinsquru.tests.fightreservation.FlightReservationTest#setDriver</h3><table class="result"><tr class="param"><th>Parameter #1</th></tr><tr class="param stripe"><td>org.testng.TestRunner@34abfd61</td></tr><tr><th>Exception</th></tr><tr><td><div class="stacktrace">org.openqa.selenium.SessionNotCreatedException: Could not start a new session. Possible causes are invalid address of the remote server or browser start-up failure. 
Host info: host: &apos;0c0044c5a24f&apos;, ip: &apos;172.17.0.2&apos;
	at org.openqa.selenium.remote.RemoteWebDriver.execute(RemoteWebDriver.java:537)
	at org.openqa.selenium.remote.RemoteWebDriver.startSession(RemoteWebDriver.java:233)
	at org.openqa.selenium.remote.RemoteWebDriver.&lt;init&gt;(RemoteWebDriver.java:162)
	at org.openqa.selenium.chromium.ChromiumDriver.&lt;init&gt;(ChromiumDriver.java:114)
	at org.openqa.selenium.chrome.ChromeDriver.&lt;init&gt;(ChromeDriver.java:89)
	at org.openqa.selenium.chrome.ChromeDriver.&lt;init&gt;(ChromeDriver.java:84)
	at org.openqa.selenium.chrome.ChromeDriver.&lt;init&gt;(ChromeDriver.java:73)
	at com.vinsquru.tests.AbstractTest.getLocalDriver(AbstractTest.java:53)
	at com.vinsquru.tests.AbstractTest.setDriver(AbstractTest.java:34)
	at java.base/java.util.concurrent.FutureTask.run(FutureTask.java:264)
	at java.base/java.util.concurrent.ThreadPoolExecutor.runWorker(ThreadPoolExecutor.java:1136)
	at java.base/java.util.concurrent.ThreadPoolExecutor$Worker.run(ThreadPoolExecutor.java:635)
	at java.base/java.lang.Thread.run(Thread.java:833)
Caused by: org.openqa.selenium.WebDriverException: Driver server process died prematurely.
Build info: version: &apos;4.17.0&apos;, revision: &apos;e52b1be057*&apos;
System info: os.name: &apos;Linux&apos;, os.arch: &apos;aarch64&apos;, os.version: &apos;5.15.49-linuxkit&apos;, java.version: &apos;17.0.8.1&apos;
Driver info: driver.version: ChromeDriver
	at org.openqa.selenium.remote.service.DriverService.start(DriverService.java:247)
	at org.openqa.selenium.remote.service.DriverCommandExecutor.execute(DriverCommandExecutor.java:117)
	at org.openqa.selenium.remote.RemoteWebDriver.execute(RemoteWebDriver.java:519)
	... 26 more
... Removed 14 stack frames</div></td></tr></table><p class="totop"><a href="#summary">back to summary</a></p>
<h3 id="m19">com.vinsquru.tests.fightreservation.FlightReservationTest#quiteDriver</h3><table class="result"><tr><th class="invisible"/></tr></table><p class="totop"><a href="#summary">back to summary</a></p>
<h3 id="m20">com.vinsquru.tests.fightreservation.FlightReservationTest#setParameters</h3><table class="result"><tr><th class="invisible"/></tr></table><p class="totop"><a href="#summary">back to summary</a></p>
<h3 id="m21">com.vinsquru.tests.fightreservation.FlightReservationTest#sleep</h3><table class="result"><tr><th class="invisible"/></tr></table><p class="totop"><a href="#summary">back to summary</a></p>
<h3 id="m22">com.vinsquru.tests.fightreservation.FlightReservationTest#fightReservationConfirmationTest</h3><table class="result"><tr><th>Exception</th></tr><tr><td><div class="stacktrace">java.lang.Throwable: Method com.vinsquru.tests.fightreservation.FlightReservationTest.fightReservationConfirmationTest() on instance com.vinsquru.tests.fightreservation.FlightReservationTest@1722011b depends on not successfully finished methods 
[com.vinsquru.tests.fightreservation.FlightReservationTest.flightsSelectionTest() on instance com.vinsquru.tests.fightreservation.FlightReservationTest@1722011b]
	at java.base/java.util.ArrayList.forEach(ArrayList.java:1511)
	at java.base/java.util.concurrent.FutureTask.run(FutureTask.java:264)
	at java.base/java.util.concurrent.ThreadPoolExecutor.runWorker(ThreadPoolExecutor.java:1136)
	at java.base/java.util.concurrent.ThreadPoolExecutor$Worker.run(ThreadPoolExecutor.java:635)
	at java.base/java.lang.Thread.run(Thread.java:833)
... Removed 8 stack frames</div></td></tr></table><p class="totop"><a href="#summary">back to summary</a></p>
<h3 id="m23">com.vinsquru.tests.fightreservation.FlightReservationTest#flightsSearchTest</h3><table class="result"><tr><th>Exception</th></tr><tr><td><div class="stacktrace">java.lang.Throwable: Method com.vinsquru.tests.fightreservation.FlightReservationTest.flightsSearchTest() on instance com.vinsquru.tests.fightreservation.FlightReservationTest@1722011b depends on not successfully finished methods 
[com.vinsquru.tests.fightreservation.FlightReservationTest.registrationConfirmationTest() on instance com.vinsquru.tests.fightreservation.FlightReservationTest@1722011b]
	at java.base/java.util.ArrayList.forEach(ArrayList.java:1511)
	at java.base/java.util.concurrent.FutureTask.run(FutureTask.java:264)
	at java.base/java.util.concurrent.ThreadPoolExecutor.runWorker(ThreadPoolExecutor.java:1136)
	at java.base/java.util.concurrent.ThreadPoolExecutor$Worker.run(ThreadPoolExecutor.java:635)
	at java.base/java.lang.Thread.run(Thread.java:833)
... Removed 8 stack frames</div></td></tr></table><p class="totop"><a href="#summary">back to summary</a></p>
<h3 id="m24">com.vinsquru.tests.fightreservation.FlightReservationTest#flightsSelectionTest</h3><table class="result"><tr><th>Exception</th></tr><tr><td><div class="stacktrace">java.lang.Throwable: Method com.vinsquru.tests.fightreservation.FlightReservationTest.flightsSelectionTest() on instance com.vinsquru.tests.fightreservation.FlightReservationTest@1722011b depends on not successfully finished methods 
[com.vinsquru.tests.fightreservation.FlightReservationTest.flightsSearchTest() on instance com.vinsquru.tests.fightreservation.FlightReservationTest@1722011b]
	at java.base/java.util.ArrayList.forEach(ArrayList.java:1511)
	at java.base/java.util.concurrent.FutureTask.run(FutureTask.java:264)
	at java.base/java.util.concurrent.ThreadPoolExecutor.runWorker(ThreadPoolExecutor.java:1136)
	at java.base/java.util.concurrent.ThreadPoolExecutor$Worker.run(ThreadPoolExecutor.java:635)
	at java.base/java.lang.Thread.run(Thread.java:833)
... Removed 8 stack frames</div></td></tr></table><p class="totop"><a href="#summary">back to summary</a></p>
<h3 id="m25">com.vinsquru.tests.fightreservation.FlightReservationTest#registrationConfirmationTest</h3><table class="result"><tr><th>Exception</th></tr><tr><td><div class="stacktrace">java.lang.Throwable: Method com.vinsquru.tests.fightreservation.FlightReservationTest.registrationConfirmationTest() on instance com.vinsquru.tests.fightreservation.FlightReservationTest@1722011b depends on not successfully finished methods 
[com.vinsquru.tests.fightreservation.FlightReservationTest.userRegistrationtest() on instance com.vinsquru.tests.fightreservation.FlightReservationTest@1722011b]
	at java.base/java.util.ArrayList.forEach(ArrayList.java:1511)
	at java.base/java.util.concurrent.FutureTask.run(FutureTask.java:264)
	at java.base/java.util.concurrent.ThreadPoolExecutor.runWorker(ThreadPoolExecutor.java:1136)
	at java.base/java.util.concurrent.ThreadPoolExecutor$Worker.run(ThreadPoolExecutor.java:635)
	at java.base/java.lang.Thread.run(Thread.java:833)
... Removed 8 stack frames</div></td></tr></table><p class="totop"><a href="#summary">back to summary</a></p>
<h3 id="m26">com.vinsquru.tests.fightreservation.FlightReservationTest#userRegistrationtest</h3><table class="result"><tr><th>Exception</th></tr><tr><td><div class="stacktrace">org.openqa.selenium.SessionNotCreatedException: Could not start a new session. Possible causes are invalid address of the remote server or browser start-up failure. 
Host info: host: &apos;0c0044c5a24f&apos;, ip: &apos;172.17.0.2&apos;
	at org.openqa.selenium.remote.RemoteWebDriver.execute(RemoteWebDriver.java:537)
	at org.openqa.selenium.remote.RemoteWebDriver.startSession(RemoteWebDriver.java:233)
	at org.openqa.selenium.remote.RemoteWebDriver.&lt;init&gt;(RemoteWebDriver.java:162)
	at org.openqa.selenium.chromium.ChromiumDriver.&lt;init&gt;(ChromiumDriver.java:114)
	at org.openqa.selenium.chrome.ChromeDriver.&lt;init&gt;(ChromeDriver.java:89)
	at org.openqa.selenium.chrome.ChromeDriver.&lt;init&gt;(ChromeDriver.java:84)
	at org.openqa.selenium.chrome.ChromeDriver.&lt;init&gt;(ChromeDriver.java:73)
	at com.vinsquru.tests.AbstractTest.getLocalDriver(AbstractTest.java:53)
	at com.vinsquru.tests.AbstractTest.setDriver(AbstractTest.java:34)
	at java.base/java.util.concurrent.FutureTask.run(FutureTask.java:264)
	at java.base/java.util.concurrent.ThreadPoolExecutor.runWorker(ThreadPoolExecutor.java:1136)
	at java.base/java.util.concurrent.ThreadPoolExecutor$Worker.run(ThreadPoolExecutor.java:635)
	at java.base/java.lang.Thread.run(Thread.java:833)
Caused by: org.openqa.selenium.WebDriverException: Driver server process died prematurely.
Build info: version: &apos;4.17.0&apos;, revision: &apos;e52b1be057*&apos;
System info: os.name: &apos;Linux&apos;, os.arch: &apos;aarch64&apos;, os.version: &apos;5.15.49-linuxkit&apos;, java.version: &apos;17.0.8.1&apos;
Driver info: driver.version: ChromeDriver
	at org.openqa.selenium.remote.service.DriverService.start(DriverService.java:247)
	at org.openqa.selenium.remote.service.DriverCommandExecutor.execute(DriverCommandExecutor.java:117)
	at org.openqa.selenium.remote.RemoteWebDriver.execute(RemoteWebDriver.java:519)
	... 26 more
... Removed 14 stack frames</div></td></tr></table><p class="totop"><a href="#summary">back to summary</a></p>
<h2>passengers-count-4</h2><h3 id="m27">com.vinsquru.tests.fightreservation.FlightReservationTest#setDriver</h3><table class="result"><tr class="param"><th>Parameter #1</th></tr><tr class="param stripe"><td>org.testng.TestRunner@5dde0dc5</td></tr><tr><th>Exception</th></tr><tr><td><div class="stacktrace">org.openqa.selenium.SessionNotCreatedException: Could not start a new session. Possible causes are invalid address of the remote server or browser start-up failure. 
Host info: host: &apos;0c0044c5a24f&apos;, ip: &apos;172.17.0.2&apos;
	at org.openqa.selenium.remote.RemoteWebDriver.execute(RemoteWebDriver.java:537)
	at org.openqa.selenium.remote.RemoteWebDriver.startSession(RemoteWebDriver.java:233)
	at org.openqa.selenium.remote.RemoteWebDriver.&lt;init&gt;(RemoteWebDriver.java:162)
	at org.openqa.selenium.chromium.ChromiumDriver.&lt;init&gt;(ChromiumDriver.java:114)
	at org.openqa.selenium.chrome.ChromeDriver.&lt;init&gt;(ChromeDriver.java:89)
	at org.openqa.selenium.chrome.ChromeDriver.&lt;init&gt;(ChromeDriver.java:84)
	at org.openqa.selenium.chrome.ChromeDriver.&lt;init&gt;(ChromeDriver.java:73)
	at com.vinsquru.tests.AbstractTest.getLocalDriver(AbstractTest.java:53)
	at com.vinsquru.tests.AbstractTest.setDriver(AbstractTest.java:34)
	at java.base/java.util.concurrent.FutureTask.run(FutureTask.java:264)
	at java.base/java.util.concurrent.ThreadPoolExecutor.runWorker(ThreadPoolExecutor.java:1136)
	at java.base/java.util.concurrent.ThreadPoolExecutor$Worker.run(ThreadPoolExecutor.java:635)
	at java.base/java.lang.Thread.run(Thread.java:833)
Caused by: org.openqa.selenium.WebDriverException: Driver server process died prematurely.
Build info: version: &apos;4.17.0&apos;, revision: &apos;e52b1be057*&apos;
System info: os.name: &apos;Linux&apos;, os.arch: &apos;aarch64&apos;, os.version: &apos;5.15.49-linuxkit&apos;, java.version: &apos;17.0.8.1&apos;
Driver info: driver.version: ChromeDriver
	at org.openqa.selenium.remote.service.DriverService.start(DriverService.java:247)
	at org.openqa.selenium.remote.service.DriverCommandExecutor.execute(DriverCommandExecutor.java:117)
	at org.openqa.selenium.remote.RemoteWebDriver.execute(RemoteWebDriver.java:519)
	... 26 more
... Removed 14 stack frames</div></td></tr></table><p class="totop"><a href="#summary">back to summary</a></p>
<h3 id="m28">com.vinsquru.tests.fightreservation.FlightReservationTest#quiteDriver</h3><table class="result"><tr><th class="invisible"/></tr></table><p class="totop"><a href="#summary">back to summary</a></p>
<h3 id="m29">com.vinsquru.tests.fightreservation.FlightReservationTest#setParameters</h3><table class="result"><tr><th class="invisible"/></tr></table><p class="totop"><a href="#summary">back to summary</a></p>
<h3 id="m30">com.vinsquru.tests.fightreservation.FlightReservationTest#sleep</h3><table class="result"><tr><th class="invisible"/></tr></table><p class="totop"><a href="#summary">back to summary</a></p>
<h3 id="m31">com.vinsquru.tests.fightreservation.FlightReservationTest#fightReservationConfirmationTest</h3><table class="result"><tr><th>Exception</th></tr><tr><td><div class="stacktrace">java.lang.Throwable: Method com.vinsquru.tests.fightreservation.FlightReservationTest.fightReservationConfirmationTest() on instance com.vinsquru.tests.fightreservation.FlightReservationTest@7cb502c depends on not successfully finished methods 
[com.vinsquru.tests.fightreservation.FlightReservationTest.flightsSelectionTest() on instance com.vinsquru.tests.fightreservation.FlightReservationTest@7cb502c]
	at java.base/java.util.ArrayList.forEach(ArrayList.java:1511)
	at java.base/java.util.concurrent.FutureTask.run(FutureTask.java:264)
	at java.base/java.util.concurrent.ThreadPoolExecutor.runWorker(ThreadPoolExecutor.java:1136)
	at java.base/java.util.concurrent.ThreadPoolExecutor$Worker.run(ThreadPoolExecutor.java:635)
	at java.base/java.lang.Thread.run(Thread.java:833)
... Removed 8 stack frames</div></td></tr></table><p class="totop"><a href="#summary">back to summary</a></p>
<h3 id="m32">com.vinsquru.tests.fightreservation.FlightReservationTest#flightsSearchTest</h3><table class="result"><tr><th>Exception</th></tr><tr><td><div class="stacktrace">java.lang.Throwable: Method com.vinsquru.tests.fightreservation.FlightReservationTest.flightsSearchTest() on instance com.vinsquru.tests.fightreservation.FlightReservationTest@7cb502c depends on not successfully finished methods 
[com.vinsquru.tests.fightreservation.FlightReservationTest.registrationConfirmationTest() on instance com.vinsquru.tests.fightreservation.FlightReservationTest@7cb502c]
	at java.base/java.util.ArrayList.forEach(ArrayList.java:1511)
	at java.base/java.util.concurrent.FutureTask.run(FutureTask.java:264)
	at java.base/java.util.concurrent.ThreadPoolExecutor.runWorker(ThreadPoolExecutor.java:1136)
	at java.base/java.util.concurrent.ThreadPoolExecutor$Worker.run(ThreadPoolExecutor.java:635)
	at java.base/java.lang.Thread.run(Thread.java:833)
... Removed 8 stack frames</div></td></tr></table><p class="totop"><a href="#summary">back to summary</a></p>
<h3 id="m33">com.vinsquru.tests.fightreservation.FlightReservationTest#flightsSelectionTest</h3><table class="result"><tr><th>Exception</th></tr><tr><td><div class="stacktrace">java.lang.Throwable: Method com.vinsquru.tests.fightreservation.FlightReservationTest.flightsSelectionTest() on instance com.vinsquru.tests.fightreservation.FlightReservationTest@7cb502c depends on not successfully finished methods 
[com.vinsquru.tests.fightreservation.FlightReservationTest.flightsSearchTest() on instance com.vinsquru.tests.fightreservation.FlightReservationTest@7cb502c]
	at java.base/java.util.ArrayList.forEach(ArrayList.java:1511)
	at java.base/java.util.concurrent.FutureTask.run(FutureTask.java:264)
	at java.base/java.util.concurrent.ThreadPoolExecutor.runWorker(ThreadPoolExecutor.java:1136)
	at java.base/java.util.concurrent.ThreadPoolExecutor$Worker.run(ThreadPoolExecutor.java:635)
	at java.base/java.lang.Thread.run(Thread.java:833)
... Removed 8 stack frames</div></td></tr></table><p class="totop"><a href="#summary">back to summary</a></p>
<h3 id="m34">com.vinsquru.tests.fightreservation.FlightReservationTest#registrationConfirmationTest</h3><table class="result"><tr><th>Exception</th></tr><tr><td><div class="stacktrace">java.lang.Throwable: Method com.vinsquru.tests.fightreservation.FlightReservationTest.registrationConfirmationTest() on instance com.vinsquru.tests.fightreservation.FlightReservationTest@7cb502c depends on not successfully finished methods 
[com.vinsquru.tests.fightreservation.FlightReservationTest.userRegistrationtest() on instance com.vinsquru.tests.fightreservation.FlightReservationTest@7cb502c]
	at java.base/java.util.ArrayList.forEach(ArrayList.java:1511)
	at java.base/java.util.concurrent.FutureTask.run(FutureTask.java:264)
	at java.base/java.util.concurrent.ThreadPoolExecutor.runWorker(ThreadPoolExecutor.java:1136)
	at java.base/java.util.concurrent.ThreadPoolExecutor$Worker.run(ThreadPoolExecutor.java:635)
	at java.base/java.lang.Thread.run(Thread.java:833)
... Removed 8 stack frames</div></td></tr></table><p class="totop"><a href="#summary">back to summary</a></p>
<h3 id="m35">com.vinsquru.tests.fightreservation.FlightReservationTest#userRegistrationtest</h3><table class="result"><tr><th>Exception</th></tr><tr><td><div class="stacktrace">org.openqa.selenium.SessionNotCreatedException: Could not start a new session. Possible causes are invalid address of the remote server or browser start-up failure. 
Host info: host: &apos;0c0044c5a24f&apos;, ip: &apos;172.17.0.2&apos;
	at org.openqa.selenium.remote.RemoteWebDriver.execute(RemoteWebDriver.java:537)
	at org.openqa.selenium.remote.RemoteWebDriver.startSession(RemoteWebDriver.java:233)
	at org.openqa.selenium.remote.RemoteWebDriver.&lt;init&gt;(RemoteWebDriver.java:162)
	at org.openqa.selenium.chromium.ChromiumDriver.&lt;init&gt;(ChromiumDriver.java:114)
	at org.openqa.selenium.chrome.ChromeDriver.&lt;init&gt;(ChromeDriver.java:89)
	at org.openqa.selenium.chrome.ChromeDriver.&lt;init&gt;(ChromeDriver.java:84)
	at org.openqa.selenium.chrome.ChromeDriver.&lt;init&gt;(ChromeDriver.java:73)
	at com.vinsquru.tests.AbstractTest.getLocalDriver(AbstractTest.java:53)
	at com.vinsquru.tests.AbstractTest.setDriver(AbstractTest.java:34)
	at java.base/java.util.concurrent.FutureTask.run(FutureTask.java:264)
	at java.base/java.util.concurrent.ThreadPoolExecutor.runWorker(ThreadPoolExecutor.java:1136)
	at java.base/java.util.concurrent.ThreadPoolExecutor$Worker.run(ThreadPoolExecutor.java:635)
	at java.base/java.lang.Thread.run(Thread.java:833)
Caused by: org.openqa.selenium.WebDriverException: Driver server process died prematurely.
Build info: version: &apos;4.17.0&apos;, revision: &apos;e52b1be057*&apos;
System info: os.name: &apos;Linux&apos;, os.arch: &apos;aarch64&apos;, os.version: &apos;5.15.49-linuxkit&apos;, java.version: &apos;17.0.8.1&apos;
Driver info: driver.version: ChromeDriver
	at org.openqa.selenium.remote.service.DriverService.start(DriverService.java:247)
	at org.openqa.selenium.remote.service.DriverCommandExecutor.execute(DriverCommandExecutor.java:117)
	at org.openqa.selenium.remote.RemoteWebDriver.execute(RemoteWebDriver.java:519)
	... 26 more
... Removed 14 stack frames</div></td></tr></table><p class="totop"><a href="#summary">back to summary</a></p>
</body>
</html>
