<?xml version="1.0" encoding="UTF-8"?>
<testng-results ignored="0" total="20" passed="0" failed="0" skipped="20">
  <reporter-output>
  </reporter-output>
  <suite started-at="2024-02-24T14:47:39 GMT" name="FlightReservationTest" finished-at="2024-02-24T14:47:45 GMT" duration-ms="6146">
    <groups>
    </groups>
    <test started-at="2024-02-24T14:47:39 GMT" name="passengers-count-1" finished-at="2024-02-24T14:47:42 GMT" duration-ms="3265">
      <class name="com.vinsquru.tests.fightreservation.FlightReservationTest">
        <test-method is-config="true" signature="setDriver(org.testng.ITestContext)[pri:0, instance:com.vinsquru.tests.fightreservation.FlightReservationTest@1c39680d]" started-at="2024-02-24T14:47:39 GMT" name="setDriver" finished-at="2024-02-24T14:47:42 GMT" duration-ms="3247" status="FAIL">
          <params>
            <param index="0">
              <value>
                <![CDATA[org.testng.TestRunner@478b9d50]]>
              </value>
            </param>
          </params>
          <exception class="org.openqa.selenium.SessionNotCreatedException">
            <message>
              <![CDATA[Could not start a new session. Possible causes are invalid address of the remote server or browser start-up failure. 
Host info: host: '0c0044c5a24f', ip: '172.17.0.2']]>
            </message>
            <full-stacktrace>
              <![CDATA[org.openqa.selenium.SessionNotCreatedException: Could not start a new session. Possible causes are invalid address of the remote server or browser start-up failure. 
Host info: host: '0c0044c5a24f', ip: '172.17.0.2'
at org.openqa.selenium.remote.RemoteWebDriver.execute(RemoteWebDriver.java:537)
at org.openqa.selenium.remote.RemoteWebDriver.startSession(RemoteWebDriver.java:233)
at org.openqa.selenium.remote.RemoteWebDriver.<init>(RemoteWebDriver.java:162)
at org.openqa.selenium.chromium.ChromiumDriver.<init>(ChromiumDriver.java:114)
at org.openqa.selenium.chrome.ChromeDriver.<init>(ChromeDriver.java:89)
at org.openqa.selenium.chrome.ChromeDriver.<init>(ChromeDriver.java:84)
at org.openqa.selenium.chrome.ChromeDriver.<init>(ChromeDriver.java:73)
at com.vinsquru.tests.AbstractTest.getLocalDriver(AbstractTest.java:53)
at com.vinsquru.tests.AbstractTest.setDriver(AbstractTest.java:34)
at java.base/jdk.internal.reflect.NativeMethodAccessorImpl.invoke0(Native Method)
at java.base/jdk.internal.reflect.NativeMethodAccessorImpl.invoke(NativeMethodAccessorImpl.java:77)
at java.base/jdk.internal.reflect.DelegatingMethodAccessorImpl.invoke(DelegatingMethodAccessorImpl.java:43)
at java.base/java.lang.reflect.Method.invoke(Method.java:568)
at org.testng.internal.invokers.MethodInvocationHelper.invokeMethod(MethodInvocationHelper.java:139)
at org.testng.internal.invokers.MethodInvocationHelper.invokeMethodConsideringTimeout(MethodInvocationHelper.java:69)
at org.testng.internal.invokers.ConfigInvoker.invokeConfigurationMethod(ConfigInvoker.java:393)
at org.testng.internal.invokers.ConfigInvoker.invokeConfigurations(ConfigInvoker.java:326)
at org.testng.TestRunner.invokeTestConfigurations(TestRunner.java:661)
at org.testng.TestRunner.beforeRun(TestRunner.java:650)
at org.testng.TestRunner.run(TestRunner.java:612)
at org.testng.SuiteRunner.runTest(SuiteRunner.java:443)
at org.testng.SuiteRunner$SuiteWorker.run(SuiteRunner.java:481)
at org.testng.internal.thread.ThreadUtil.lambda$execute$0(ThreadUtil.java:58)
at java.base/java.util.concurrent.FutureTask.run(FutureTask.java:264)
at java.base/java.util.concurrent.ThreadPoolExecutor.runWorker(ThreadPoolExecutor.java:1136)
at java.base/java.util.concurrent.ThreadPoolExecutor$Worker.run(ThreadPoolExecutor.java:635)
at java.base/java.lang.Thread.run(Thread.java:833)
Caused by: org.openqa.selenium.WebDriverException: Driver server process died prematurely.
Build info: version: '4.17.0', revision: 'e52b1be057*'
System info: os.name: 'Linux', os.arch: 'aarch64', os.version: '5.15.49-linuxkit', java.version: '17.0.8.1'
Driver info: driver.version: ChromeDriver
at org.openqa.selenium.remote.service.DriverService.start(DriverService.java:247)
at org.openqa.selenium.remote.service.DriverCommandExecutor.execute(DriverCommandExecutor.java:117)
at org.openqa.selenium.remote.RemoteWebDriver.execute(RemoteWebDriver.java:519)
... 26 more
]]>
            </full-stacktrace>
          </exception> <!-- org.openqa.selenium.SessionNotCreatedException -->
          <reporter-output>
          </reporter-output>
        </test-method> <!-- setDriver -->
        <test-method is-config="true" signature="setParameters(java.lang.String)[pri:0, instance:com.vinsquru.tests.fightreservation.FlightReservationTest@1c39680d]" started-at="2024-02-24T14:47:42 GMT" name="setParameters" finished-at="2024-02-24T14:47:42 GMT" depends-on-methods="com.vinsquru.tests.AbstractTest.setDriver" duration-ms="0" status="SKIP">
          <reporter-output>
          </reporter-output>
        </test-method> <!-- setParameters -->
        <test-method signature="userRegistrationtest()[pri:0, instance:com.vinsquru.tests.fightreservation.FlightReservationTest@1c39680d]" started-at="2024-02-24T14:47:42 GMT" name="userRegistrationtest" finished-at="2024-02-24T14:47:42 GMT" duration-ms="0" status="SKIP">
          <exception class="org.openqa.selenium.SessionNotCreatedException">
            <message>
              <![CDATA[Could not start a new session. Possible causes are invalid address of the remote server or browser start-up failure. 
Host info: host: '0c0044c5a24f', ip: '172.17.0.2']]>
            </message>
            <full-stacktrace>
              <![CDATA[org.openqa.selenium.SessionNotCreatedException: Could not start a new session. Possible causes are invalid address of the remote server or browser start-up failure. 
Host info: host: '0c0044c5a24f', ip: '172.17.0.2'
at org.openqa.selenium.remote.RemoteWebDriver.execute(RemoteWebDriver.java:537)
at org.openqa.selenium.remote.RemoteWebDriver.startSession(RemoteWebDriver.java:233)
at org.openqa.selenium.remote.RemoteWebDriver.<init>(RemoteWebDriver.java:162)
at org.openqa.selenium.chromium.ChromiumDriver.<init>(ChromiumDriver.java:114)
at org.openqa.selenium.chrome.ChromeDriver.<init>(ChromeDriver.java:89)
at org.openqa.selenium.chrome.ChromeDriver.<init>(ChromeDriver.java:84)
at org.openqa.selenium.chrome.ChromeDriver.<init>(ChromeDriver.java:73)
at com.vinsquru.tests.AbstractTest.getLocalDriver(AbstractTest.java:53)
at com.vinsquru.tests.AbstractTest.setDriver(AbstractTest.java:34)
at java.base/jdk.internal.reflect.NativeMethodAccessorImpl.invoke0(Native Method)
at java.base/jdk.internal.reflect.NativeMethodAccessorImpl.invoke(NativeMethodAccessorImpl.java:77)
at java.base/jdk.internal.reflect.DelegatingMethodAccessorImpl.invoke(DelegatingMethodAccessorImpl.java:43)
at java.base/java.lang.reflect.Method.invoke(Method.java:568)
at org.testng.internal.invokers.MethodInvocationHelper.invokeMethod(MethodInvocationHelper.java:139)
at org.testng.internal.invokers.MethodInvocationHelper.invokeMethodConsideringTimeout(MethodInvocationHelper.java:69)
at org.testng.internal.invokers.ConfigInvoker.invokeConfigurationMethod(ConfigInvoker.java:393)
at org.testng.internal.invokers.ConfigInvoker.invokeConfigurations(ConfigInvoker.java:326)
at org.testng.TestRunner.invokeTestConfigurations(TestRunner.java:661)
at org.testng.TestRunner.beforeRun(TestRunner.java:650)
at org.testng.TestRunner.run(TestRunner.java:612)
at org.testng.SuiteRunner.runTest(SuiteRunner.java:443)
at org.testng.SuiteRunner$SuiteWorker.run(SuiteRunner.java:481)
at org.testng.internal.thread.ThreadUtil.lambda$execute$0(ThreadUtil.java:58)
at java.base/java.util.concurrent.FutureTask.run(FutureTask.java:264)
at java.base/java.util.concurrent.ThreadPoolExecutor.runWorker(ThreadPoolExecutor.java:1136)
at java.base/java.util.concurrent.ThreadPoolExecutor$Worker.run(ThreadPoolExecutor.java:635)
at java.base/java.lang.Thread.run(Thread.java:833)
Caused by: org.openqa.selenium.WebDriverException: Driver server process died prematurely.
Build info: version: '4.17.0', revision: 'e52b1be057*'
System info: os.name: 'Linux', os.arch: 'aarch64', os.version: '5.15.49-linuxkit', java.version: '17.0.8.1'
Driver info: driver.version: ChromeDriver
at org.openqa.selenium.remote.service.DriverService.start(DriverService.java:247)
at org.openqa.selenium.remote.service.DriverCommandExecutor.execute(DriverCommandExecutor.java:117)
at org.openqa.selenium.remote.RemoteWebDriver.execute(RemoteWebDriver.java:519)
... 26 more
]]>
            </full-stacktrace>
          </exception> <!-- org.openqa.selenium.SessionNotCreatedException -->
          <reporter-output>
          </reporter-output>
        </test-method> <!-- userRegistrationtest -->
        <test-method is-config="true" signature="sleep()[pri:0, instance:com.vinsquru.tests.fightreservation.FlightReservationTest@1c39680d]" started-at="2024-02-24T14:47:42 GMT" name="sleep" finished-at="2024-02-24T14:47:42 GMT" duration-ms="0" status="SKIP">
          <reporter-output>
          </reporter-output>
        </test-method> <!-- sleep -->
        <test-method signature="registrationConfirmationTest()[pri:0, instance:com.vinsquru.tests.fightreservation.FlightReservationTest@1c39680d]" started-at="2024-02-24T14:47:42 GMT" name="registrationConfirmationTest" finished-at="2024-02-24T14:47:42 GMT" depends-on-methods="com.vinsquru.tests.fightreservation.FlightReservationTest.userRegistrationtest" duration-ms="0" status="SKIP">
          <exception class="java.lang.Throwable">
            <message>
              <![CDATA[Method com.vinsquru.tests.fightreservation.FlightReservationTest.registrationConfirmationTest() on instance com.vinsquru.tests.fightreservation.FlightReservationTest@1c39680d depends on not successfully finished methods 
[com.vinsquru.tests.fightreservation.FlightReservationTest.userRegistrationtest() on instance com.vinsquru.tests.fightreservation.FlightReservationTest@1c39680d]]]>
            </message>
            <full-stacktrace>
              <![CDATA[java.lang.Throwable: Method com.vinsquru.tests.fightreservation.FlightReservationTest.registrationConfirmationTest() on instance com.vinsquru.tests.fightreservation.FlightReservationTest@1c39680d depends on not successfully finished methods 
[com.vinsquru.tests.fightreservation.FlightReservationTest.userRegistrationtest() on instance com.vinsquru.tests.fightreservation.FlightReservationTest@1c39680d]
at org.testng.internal.invokers.TestInvoker.invokeTestMethods(TestInvoker.java:157)
at org.testng.internal.invokers.TestMethodWorker.invokeTestMethods(TestMethodWorker.java:148)
at org.testng.internal.invokers.TestMethodWorker.run(TestMethodWorker.java:128)
at java.base/java.util.ArrayList.forEach(ArrayList.java:1511)
at org.testng.TestRunner.privateRun(TestRunner.java:819)
at org.testng.TestRunner.run(TestRunner.java:619)
at org.testng.SuiteRunner.runTest(SuiteRunner.java:443)
at org.testng.SuiteRunner$SuiteWorker.run(SuiteRunner.java:481)
at org.testng.internal.thread.ThreadUtil.lambda$execute$0(ThreadUtil.java:58)
at java.base/java.util.concurrent.FutureTask.run(FutureTask.java:264)
at java.base/java.util.concurrent.ThreadPoolExecutor.runWorker(ThreadPoolExecutor.java:1136)
at java.base/java.util.concurrent.ThreadPoolExecutor$Worker.run(ThreadPoolExecutor.java:635)
at java.base/java.lang.Thread.run(Thread.java:833)
]]>
            </full-stacktrace>
          </exception> <!-- java.lang.Throwable -->
          <reporter-output>
          </reporter-output>
        </test-method> <!-- registrationConfirmationTest -->
        <test-method signature="flightsSearchTest()[pri:0, instance:com.vinsquru.tests.fightreservation.FlightReservationTest@1c39680d]" started-at="2024-02-24T14:47:42 GMT" name="flightsSearchTest" finished-at="2024-02-24T14:47:42 GMT" depends-on-methods="com.vinsquru.tests.fightreservation.FlightReservationTest.registrationConfirmationTest" duration-ms="0" status="SKIP">
          <exception class="java.lang.Throwable">
            <message>
              <![CDATA[Method com.vinsquru.tests.fightreservation.FlightReservationTest.flightsSearchTest() on instance com.vinsquru.tests.fightreservation.FlightReservationTest@1c39680d depends on not successfully finished methods 
[com.vinsquru.tests.fightreservation.FlightReservationTest.registrationConfirmationTest() on instance com.vinsquru.tests.fightreservation.FlightReservationTest@1c39680d]]]>
            </message>
            <full-stacktrace>
              <![CDATA[java.lang.Throwable: Method com.vinsquru.tests.fightreservation.FlightReservationTest.flightsSearchTest() on instance com.vinsquru.tests.fightreservation.FlightReservationTest@1c39680d depends on not successfully finished methods 
[com.vinsquru.tests.fightreservation.FlightReservationTest.registrationConfirmationTest() on instance com.vinsquru.tests.fightreservation.FlightReservationTest@1c39680d]
at org.testng.internal.invokers.TestInvoker.invokeTestMethods(TestInvoker.java:157)
at org.testng.internal.invokers.TestMethodWorker.invokeTestMethods(TestMethodWorker.java:148)
at org.testng.internal.invokers.TestMethodWorker.run(TestMethodWorker.java:128)
at java.base/java.util.ArrayList.forEach(ArrayList.java:1511)
at org.testng.TestRunner.privateRun(TestRunner.java:819)
at org.testng.TestRunner.run(TestRunner.java:619)
at org.testng.SuiteRunner.runTest(SuiteRunner.java:443)
at org.testng.SuiteRunner$SuiteWorker.run(SuiteRunner.java:481)
at org.testng.internal.thread.ThreadUtil.lambda$execute$0(ThreadUtil.java:58)
at java.base/java.util.concurrent.FutureTask.run(FutureTask.java:264)
at java.base/java.util.concurrent.ThreadPoolExecutor.runWorker(ThreadPoolExecutor.java:1136)
at java.base/java.util.concurrent.ThreadPoolExecutor$Worker.run(ThreadPoolExecutor.java:635)
at java.base/java.lang.Thread.run(Thread.java:833)
]]>
            </full-stacktrace>
          </exception> <!-- java.lang.Throwable -->
          <reporter-output>
          </reporter-output>
        </test-method> <!-- flightsSearchTest -->
        <test-method signature="flightsSelectionTest()[pri:0, instance:com.vinsquru.tests.fightreservation.FlightReservationTest@1c39680d]" started-at="2024-02-24T14:47:42 GMT" name="flightsSelectionTest" finished-at="2024-02-24T14:47:42 GMT" depends-on-methods="com.vinsquru.tests.fightreservation.FlightReservationTest.flightsSearchTest" duration-ms="0" status="SKIP">
          <exception class="java.lang.Throwable">
            <message>
              <![CDATA[Method com.vinsquru.tests.fightreservation.FlightReservationTest.flightsSelectionTest() on instance com.vinsquru.tests.fightreservation.FlightReservationTest@1c39680d depends on not successfully finished methods 
[com.vinsquru.tests.fightreservation.FlightReservationTest.flightsSearchTest() on instance com.vinsquru.tests.fightreservation.FlightReservationTest@1c39680d]]]>
            </message>
            <full-stacktrace>
              <![CDATA[java.lang.Throwable: Method com.vinsquru.tests.fightreservation.FlightReservationTest.flightsSelectionTest() on instance com.vinsquru.tests.fightreservation.FlightReservationTest@1c39680d depends on not successfully finished methods 
[com.vinsquru.tests.fightreservation.FlightReservationTest.flightsSearchTest() on instance com.vinsquru.tests.fightreservation.FlightReservationTest@1c39680d]
at org.testng.internal.invokers.TestInvoker.invokeTestMethods(TestInvoker.java:157)
at org.testng.internal.invokers.TestMethodWorker.invokeTestMethods(TestMethodWorker.java:148)
at org.testng.internal.invokers.TestMethodWorker.run(TestMethodWorker.java:128)
at java.base/java.util.ArrayList.forEach(ArrayList.java:1511)
at org.testng.TestRunner.privateRun(TestRunner.java:819)
at org.testng.TestRunner.run(TestRunner.java:619)
at org.testng.SuiteRunner.runTest(SuiteRunner.java:443)
at org.testng.SuiteRunner$SuiteWorker.run(SuiteRunner.java:481)
at org.testng.internal.thread.ThreadUtil.lambda$execute$0(ThreadUtil.java:58)
at java.base/java.util.concurrent.FutureTask.run(FutureTask.java:264)
at java.base/java.util.concurrent.ThreadPoolExecutor.runWorker(ThreadPoolExecutor.java:1136)
at java.base/java.util.concurrent.ThreadPoolExecutor$Worker.run(ThreadPoolExecutor.java:635)
at java.base/java.lang.Thread.run(Thread.java:833)
]]>
            </full-stacktrace>
          </exception> <!-- java.lang.Throwable -->
          <reporter-output>
          </reporter-output>
        </test-method> <!-- flightsSelectionTest -->
        <test-method signature="fightReservationConfirmationTest()[pri:0, instance:com.vinsquru.tests.fightreservation.FlightReservationTest@1c39680d]" started-at="2024-02-24T14:47:42 GMT" name="fightReservationConfirmationTest" finished-at="2024-02-24T14:47:42 GMT" depends-on-methods="com.vinsquru.tests.fightreservation.FlightReservationTest.flightsSelectionTest" duration-ms="0" status="SKIP">
          <exception class="java.lang.Throwable">
            <message>
              <![CDATA[Method com.vinsquru.tests.fightreservation.FlightReservationTest.fightReservationConfirmationTest() on instance com.vinsquru.tests.fightreservation.FlightReservationTest@1c39680d depends on not successfully finished methods 
[com.vinsquru.tests.fightreservation.FlightReservationTest.flightsSelectionTest() on instance com.vinsquru.tests.fightreservation.FlightReservationTest@1c39680d]]]>
            </message>
            <full-stacktrace>
              <![CDATA[java.lang.Throwable: Method com.vinsquru.tests.fightreservation.FlightReservationTest.fightReservationConfirmationTest() on instance com.vinsquru.tests.fightreservation.FlightReservationTest@1c39680d depends on not successfully finished methods 
[com.vinsquru.tests.fightreservation.FlightReservationTest.flightsSelectionTest() on instance com.vinsquru.tests.fightreservation.FlightReservationTest@1c39680d]
at org.testng.internal.invokers.TestInvoker.invokeTestMethods(TestInvoker.java:157)
at org.testng.internal.invokers.TestMethodWorker.invokeTestMethods(TestMethodWorker.java:148)
at org.testng.internal.invokers.TestMethodWorker.run(TestMethodWorker.java:128)
at java.base/java.util.ArrayList.forEach(ArrayList.java:1511)
at org.testng.TestRunner.privateRun(TestRunner.java:819)
at org.testng.TestRunner.run(TestRunner.java:619)
at org.testng.SuiteRunner.runTest(SuiteRunner.java:443)
at org.testng.SuiteRunner$SuiteWorker.run(SuiteRunner.java:481)
at org.testng.internal.thread.ThreadUtil.lambda$execute$0(ThreadUtil.java:58)
at java.base/java.util.concurrent.FutureTask.run(FutureTask.java:264)
at java.base/java.util.concurrent.ThreadPoolExecutor.runWorker(ThreadPoolExecutor.java:1136)
at java.base/java.util.concurrent.ThreadPoolExecutor$Worker.run(ThreadPoolExecutor.java:635)
at java.base/java.lang.Thread.run(Thread.java:833)
]]>
            </full-stacktrace>
          </exception> <!-- java.lang.Throwable -->
          <reporter-output>
          </reporter-output>
        </test-method> <!-- fightReservationConfirmationTest -->
        <test-method is-config="true" signature="quiteDriver()[pri:0, instance:com.vinsquru.tests.fightreservation.FlightReservationTest@1c39680d]" started-at="2024-02-24T14:47:42 GMT" name="quiteDriver" finished-at="2024-02-24T14:47:42 GMT" duration-ms="0" status="SKIP">
          <reporter-output>
          </reporter-output>
        </test-method> <!-- quiteDriver -->
      </class> <!-- com.vinsquru.tests.fightreservation.FlightReservationTest -->
    </test> <!-- passengers-count-1 -->
    <test started-at="2024-02-24T14:47:39 GMT" name="passengers-count-3" finished-at="2024-02-24T14:47:44 GMT" duration-ms="4451">
      <class name="com.vinsquru.tests.fightreservation.FlightReservationTest">
        <test-method is-config="true" signature="setDriver(org.testng.ITestContext)[pri:0, instance:com.vinsquru.tests.fightreservation.FlightReservationTest@5b3f61ff]" started-at="2024-02-24T14:47:39 GMT" name="setDriver" finished-at="2024-02-24T14:47:44 GMT" duration-ms="4448" status="FAIL">
          <params>
            <param index="0">
              <value>
                <![CDATA[org.testng.TestRunner@2ac98621]]>
              </value>
            </param>
          </params>
          <exception class="org.openqa.selenium.SessionNotCreatedException">
            <message>
              <![CDATA[Could not start a new session. Possible causes are invalid address of the remote server or browser start-up failure. 
Host info: host: '0c0044c5a24f', ip: '172.17.0.2']]>
            </message>
            <full-stacktrace>
              <![CDATA[org.openqa.selenium.SessionNotCreatedException: Could not start a new session. Possible causes are invalid address of the remote server or browser start-up failure. 
Host info: host: '0c0044c5a24f', ip: '172.17.0.2'
at org.openqa.selenium.remote.RemoteWebDriver.execute(RemoteWebDriver.java:537)
at org.openqa.selenium.remote.RemoteWebDriver.startSession(RemoteWebDriver.java:233)
at org.openqa.selenium.remote.RemoteWebDriver.<init>(RemoteWebDriver.java:162)
at org.openqa.selenium.chromium.ChromiumDriver.<init>(ChromiumDriver.java:114)
at org.openqa.selenium.chrome.ChromeDriver.<init>(ChromeDriver.java:89)
at org.openqa.selenium.chrome.ChromeDriver.<init>(ChromeDriver.java:84)
at org.openqa.selenium.chrome.ChromeDriver.<init>(ChromeDriver.java:73)
at com.vinsquru.tests.AbstractTest.getLocalDriver(AbstractTest.java:53)
at com.vinsquru.tests.AbstractTest.setDriver(AbstractTest.java:34)
at java.base/jdk.internal.reflect.NativeMethodAccessorImpl.invoke0(Native Method)
at java.base/jdk.internal.reflect.NativeMethodAccessorImpl.invoke(NativeMethodAccessorImpl.java:77)
at java.base/jdk.internal.reflect.DelegatingMethodAccessorImpl.invoke(DelegatingMethodAccessorImpl.java:43)
at java.base/java.lang.reflect.Method.invoke(Method.java:568)
at org.testng.internal.invokers.MethodInvocationHelper.invokeMethod(MethodInvocationHelper.java:139)
at org.testng.internal.invokers.MethodInvocationHelper.invokeMethodConsideringTimeout(MethodInvocationHelper.java:69)
at org.testng.internal.invokers.ConfigInvoker.invokeConfigurationMethod(ConfigInvoker.java:393)
at org.testng.internal.invokers.ConfigInvoker.invokeConfigurations(ConfigInvoker.java:326)
at org.testng.TestRunner.invokeTestConfigurations(TestRunner.java:661)
at org.testng.TestRunner.beforeRun(TestRunner.java:650)
at org.testng.TestRunner.run(TestRunner.java:612)
at org.testng.SuiteRunner.runTest(SuiteRunner.java:443)
at org.testng.SuiteRunner$SuiteWorker.run(SuiteRunner.java:481)
at org.testng.internal.thread.ThreadUtil.lambda$execute$0(ThreadUtil.java:58)
at java.base/java.util.concurrent.FutureTask.run(FutureTask.java:264)
at java.base/java.util.concurrent.ThreadPoolExecutor.runWorker(ThreadPoolExecutor.java:1136)
at java.base/java.util.concurrent.ThreadPoolExecutor$Worker.run(ThreadPoolExecutor.java:635)
at java.base/java.lang.Thread.run(Thread.java:833)
Caused by: org.openqa.selenium.WebDriverException: Driver server process died prematurely.
Build info: version: '4.17.0', revision: 'e52b1be057*'
System info: os.name: 'Linux', os.arch: 'aarch64', os.version: '5.15.49-linuxkit', java.version: '17.0.8.1'
Driver info: driver.version: ChromeDriver
at org.openqa.selenium.remote.service.DriverService.start(DriverService.java:247)
at org.openqa.selenium.remote.service.DriverCommandExecutor.execute(DriverCommandExecutor.java:117)
at org.openqa.selenium.remote.RemoteWebDriver.execute(RemoteWebDriver.java:519)
... 26 more
]]>
            </full-stacktrace>
          </exception> <!-- org.openqa.selenium.SessionNotCreatedException -->
          <reporter-output>
          </reporter-output>
        </test-method> <!-- setDriver -->
        <test-method is-config="true" signature="setParameters(java.lang.String)[pri:0, instance:com.vinsquru.tests.fightreservation.FlightReservationTest@5b3f61ff]" started-at="2024-02-24T14:47:44 GMT" name="setParameters" finished-at="2024-02-24T14:47:44 GMT" depends-on-methods="com.vinsquru.tests.AbstractTest.setDriver" duration-ms="0" status="SKIP">
          <reporter-output>
          </reporter-output>
        </test-method> <!-- setParameters -->
        <test-method signature="flightsSearchTest()[pri:0, instance:com.vinsquru.tests.fightreservation.FlightReservationTest@5b3f61ff]" started-at="2024-02-24T14:47:44 GMT" name="flightsSearchTest" finished-at="2024-02-24T14:47:44 GMT" depends-on-methods="com.vinsquru.tests.fightreservation.FlightReservationTest.registrationConfirmationTest" duration-ms="0" status="SKIP">
          <exception class="java.lang.Throwable">
            <message>
              <![CDATA[Method com.vinsquru.tests.fightreservation.FlightReservationTest.flightsSearchTest() on instance com.vinsquru.tests.fightreservation.FlightReservationTest@5b3f61ff depends on not successfully finished methods 
[com.vinsquru.tests.fightreservation.FlightReservationTest.registrationConfirmationTest() on instance com.vinsquru.tests.fightreservation.FlightReservationTest@5b3f61ff]]]>
            </message>
            <full-stacktrace>
              <![CDATA[java.lang.Throwable: Method com.vinsquru.tests.fightreservation.FlightReservationTest.flightsSearchTest() on instance com.vinsquru.tests.fightreservation.FlightReservationTest@5b3f61ff depends on not successfully finished methods 
[com.vinsquru.tests.fightreservation.FlightReservationTest.registrationConfirmationTest() on instance com.vinsquru.tests.fightreservation.FlightReservationTest@5b3f61ff]
at org.testng.internal.invokers.TestInvoker.invokeTestMethods(TestInvoker.java:157)
at org.testng.internal.invokers.TestMethodWorker.invokeTestMethods(TestMethodWorker.java:148)
at org.testng.internal.invokers.TestMethodWorker.run(TestMethodWorker.java:128)
at java.base/java.util.ArrayList.forEach(ArrayList.java:1511)
at org.testng.TestRunner.privateRun(TestRunner.java:819)
at org.testng.TestRunner.run(TestRunner.java:619)
at org.testng.SuiteRunner.runTest(SuiteRunner.java:443)
at org.testng.SuiteRunner$SuiteWorker.run(SuiteRunner.java:481)
at org.testng.internal.thread.ThreadUtil.lambda$execute$0(ThreadUtil.java:58)
at java.base/java.util.concurrent.FutureTask.run(FutureTask.java:264)
at java.base/java.util.concurrent.ThreadPoolExecutor.runWorker(ThreadPoolExecutor.java:1136)
at java.base/java.util.concurrent.ThreadPoolExecutor$Worker.run(ThreadPoolExecutor.java:635)
at java.base/java.lang.Thread.run(Thread.java:833)
]]>
            </full-stacktrace>
          </exception> <!-- java.lang.Throwable -->
          <reporter-output>
          </reporter-output>
        </test-method> <!-- flightsSearchTest -->
        <test-method signature="userRegistrationtest()[pri:0, instance:com.vinsquru.tests.fightreservation.FlightReservationTest@5b3f61ff]" started-at="2024-02-24T14:47:44 GMT" name="userRegistrationtest" finished-at="2024-02-24T14:47:44 GMT" duration-ms="0" status="SKIP">
          <exception class="org.openqa.selenium.SessionNotCreatedException">
            <message>
              <![CDATA[Could not start a new session. Possible causes are invalid address of the remote server or browser start-up failure. 
Host info: host: '0c0044c5a24f', ip: '172.17.0.2']]>
            </message>
            <full-stacktrace>
              <![CDATA[org.openqa.selenium.SessionNotCreatedException: Could not start a new session. Possible causes are invalid address of the remote server or browser start-up failure. 
Host info: host: '0c0044c5a24f', ip: '172.17.0.2'
at org.openqa.selenium.remote.RemoteWebDriver.execute(RemoteWebDriver.java:537)
at org.openqa.selenium.remote.RemoteWebDriver.startSession(RemoteWebDriver.java:233)
at org.openqa.selenium.remote.RemoteWebDriver.<init>(RemoteWebDriver.java:162)
at org.openqa.selenium.chromium.ChromiumDriver.<init>(ChromiumDriver.java:114)
at org.openqa.selenium.chrome.ChromeDriver.<init>(ChromeDriver.java:89)
at org.openqa.selenium.chrome.ChromeDriver.<init>(ChromeDriver.java:84)
at org.openqa.selenium.chrome.ChromeDriver.<init>(ChromeDriver.java:73)
at com.vinsquru.tests.AbstractTest.getLocalDriver(AbstractTest.java:53)
at com.vinsquru.tests.AbstractTest.setDriver(AbstractTest.java:34)
at java.base/jdk.internal.reflect.NativeMethodAccessorImpl.invoke0(Native Method)
at java.base/jdk.internal.reflect.NativeMethodAccessorImpl.invoke(NativeMethodAccessorImpl.java:77)
at java.base/jdk.internal.reflect.DelegatingMethodAccessorImpl.invoke(DelegatingMethodAccessorImpl.java:43)
at java.base/java.lang.reflect.Method.invoke(Method.java:568)
at org.testng.internal.invokers.MethodInvocationHelper.invokeMethod(MethodInvocationHelper.java:139)
at org.testng.internal.invokers.MethodInvocationHelper.invokeMethodConsideringTimeout(MethodInvocationHelper.java:69)
at org.testng.internal.invokers.ConfigInvoker.invokeConfigurationMethod(ConfigInvoker.java:393)
at org.testng.internal.invokers.ConfigInvoker.invokeConfigurations(ConfigInvoker.java:326)
at org.testng.TestRunner.invokeTestConfigurations(TestRunner.java:661)
at org.testng.TestRunner.beforeRun(TestRunner.java:650)
at org.testng.TestRunner.run(TestRunner.java:612)
at org.testng.SuiteRunner.runTest(SuiteRunner.java:443)
at org.testng.SuiteRunner$SuiteWorker.run(SuiteRunner.java:481)
at org.testng.internal.thread.ThreadUtil.lambda$execute$0(ThreadUtil.java:58)
at java.base/java.util.concurrent.FutureTask.run(FutureTask.java:264)
at java.base/java.util.concurrent.ThreadPoolExecutor.runWorker(ThreadPoolExecutor.java:1136)
at java.base/java.util.concurrent.ThreadPoolExecutor$Worker.run(ThreadPoolExecutor.java:635)
at java.base/java.lang.Thread.run(Thread.java:833)
Caused by: org.openqa.selenium.WebDriverException: Driver server process died prematurely.
Build info: version: '4.17.0', revision: 'e52b1be057*'
System info: os.name: 'Linux', os.arch: 'aarch64', os.version: '5.15.49-linuxkit', java.version: '17.0.8.1'
Driver info: driver.version: ChromeDriver
at org.openqa.selenium.remote.service.DriverService.start(DriverService.java:247)
at org.openqa.selenium.remote.service.DriverCommandExecutor.execute(DriverCommandExecutor.java:117)
at org.openqa.selenium.remote.RemoteWebDriver.execute(RemoteWebDriver.java:519)
... 26 more
]]>
            </full-stacktrace>
          </exception> <!-- org.openqa.selenium.SessionNotCreatedException -->
          <reporter-output>
          </reporter-output>
        </test-method> <!-- userRegistrationtest -->
        <test-method signature="flightsSelectionTest()[pri:0, instance:com.vinsquru.tests.fightreservation.FlightReservationTest@5b3f61ff]" started-at="2024-02-24T14:47:44 GMT" name="flightsSelectionTest" finished-at="2024-02-24T14:47:44 GMT" depends-on-methods="com.vinsquru.tests.fightreservation.FlightReservationTest.flightsSearchTest" duration-ms="0" status="SKIP">
          <exception class="java.lang.Throwable">
            <message>
              <![CDATA[Method com.vinsquru.tests.fightreservation.FlightReservationTest.flightsSelectionTest() on instance com.vinsquru.tests.fightreservation.FlightReservationTest@5b3f61ff depends on not successfully finished methods 
[com.vinsquru.tests.fightreservation.FlightReservationTest.flightsSearchTest() on instance com.vinsquru.tests.fightreservation.FlightReservationTest@5b3f61ff]]]>
            </message>
            <full-stacktrace>
              <![CDATA[java.lang.Throwable: Method com.vinsquru.tests.fightreservation.FlightReservationTest.flightsSelectionTest() on instance com.vinsquru.tests.fightreservation.FlightReservationTest@5b3f61ff depends on not successfully finished methods 
[com.vinsquru.tests.fightreservation.FlightReservationTest.flightsSearchTest() on instance com.vinsquru.tests.fightreservation.FlightReservationTest@5b3f61ff]
at org.testng.internal.invokers.TestInvoker.invokeTestMethods(TestInvoker.java:157)
at org.testng.internal.invokers.TestMethodWorker.invokeTestMethods(TestMethodWorker.java:148)
at org.testng.internal.invokers.TestMethodWorker.run(TestMethodWorker.java:128)
at java.base/java.util.ArrayList.forEach(ArrayList.java:1511)
at org.testng.TestRunner.privateRun(TestRunner.java:819)
at org.testng.TestRunner.run(TestRunner.java:619)
at org.testng.SuiteRunner.runTest(SuiteRunner.java:443)
at org.testng.SuiteRunner$SuiteWorker.run(SuiteRunner.java:481)
at org.testng.internal.thread.ThreadUtil.lambda$execute$0(ThreadUtil.java:58)
at java.base/java.util.concurrent.FutureTask.run(FutureTask.java:264)
at java.base/java.util.concurrent.ThreadPoolExecutor.runWorker(ThreadPoolExecutor.java:1136)
at java.base/java.util.concurrent.ThreadPoolExecutor$Worker.run(ThreadPoolExecutor.java:635)
at java.base/java.lang.Thread.run(Thread.java:833)
]]>
            </full-stacktrace>
          </exception> <!-- java.lang.Throwable -->
          <reporter-output>
          </reporter-output>
        </test-method> <!-- flightsSelectionTest -->
        <test-method signature="registrationConfirmationTest()[pri:0, instance:com.vinsquru.tests.fightreservation.FlightReservationTest@5b3f61ff]" started-at="2024-02-24T14:47:44 GMT" name="registrationConfirmationTest" finished-at="2024-02-24T14:47:44 GMT" depends-on-methods="com.vinsquru.tests.fightreservation.FlightReservationTest.userRegistrationtest" duration-ms="0" status="SKIP">
          <exception class="java.lang.Throwable">
            <message>
              <![CDATA[Method com.vinsquru.tests.fightreservation.FlightReservationTest.registrationConfirmationTest() on instance com.vinsquru.tests.fightreservation.FlightReservationTest@5b3f61ff depends on not successfully finished methods 
[com.vinsquru.tests.fightreservation.FlightReservationTest.userRegistrationtest() on instance com.vinsquru.tests.fightreservation.FlightReservationTest@5b3f61ff]]]>
            </message>
            <full-stacktrace>
              <![CDATA[java.lang.Throwable: Method com.vinsquru.tests.fightreservation.FlightReservationTest.registrationConfirmationTest() on instance com.vinsquru.tests.fightreservation.FlightReservationTest@5b3f61ff depends on not successfully finished methods 
[com.vinsquru.tests.fightreservation.FlightReservationTest.userRegistrationtest() on instance com.vinsquru.tests.fightreservation.FlightReservationTest@5b3f61ff]
at org.testng.internal.invokers.TestInvoker.invokeTestMethods(TestInvoker.java:157)
at org.testng.internal.invokers.TestMethodWorker.invokeTestMethods(TestMethodWorker.java:148)
at org.testng.internal.invokers.TestMethodWorker.run(TestMethodWorker.java:128)
at java.base/java.util.ArrayList.forEach(ArrayList.java:1511)
at org.testng.TestRunner.privateRun(TestRunner.java:819)
at org.testng.TestRunner.run(TestRunner.java:619)
at org.testng.SuiteRunner.runTest(SuiteRunner.java:443)
at org.testng.SuiteRunner$SuiteWorker.run(SuiteRunner.java:481)
at org.testng.internal.thread.ThreadUtil.lambda$execute$0(ThreadUtil.java:58)
at java.base/java.util.concurrent.FutureTask.run(FutureTask.java:264)
at java.base/java.util.concurrent.ThreadPoolExecutor.runWorker(ThreadPoolExecutor.java:1136)
at java.base/java.util.concurrent.ThreadPoolExecutor$Worker.run(ThreadPoolExecutor.java:635)
at java.base/java.lang.Thread.run(Thread.java:833)
]]>
            </full-stacktrace>
          </exception> <!-- java.lang.Throwable -->
          <reporter-output>
          </reporter-output>
        </test-method> <!-- registrationConfirmationTest -->
        <test-method is-config="true" signature="sleep()[pri:0, instance:com.vinsquru.tests.fightreservation.FlightReservationTest@5b3f61ff]" started-at="2024-02-24T14:47:44 GMT" name="sleep" finished-at="2024-02-24T14:47:44 GMT" duration-ms="0" status="SKIP">
          <reporter-output>
          </reporter-output>
        </test-method> <!-- sleep -->
        <test-method signature="fightReservationConfirmationTest()[pri:0, instance:com.vinsquru.tests.fightreservation.FlightReservationTest@5b3f61ff]" started-at="2024-02-24T14:47:44 GMT" name="fightReservationConfirmationTest" finished-at="2024-02-24T14:47:44 GMT" depends-on-methods="com.vinsquru.tests.fightreservation.FlightReservationTest.flightsSelectionTest" duration-ms="0" status="SKIP">
          <exception class="java.lang.Throwable">
            <message>
              <![CDATA[Method com.vinsquru.tests.fightreservation.FlightReservationTest.fightReservationConfirmationTest() on instance com.vinsquru.tests.fightreservation.FlightReservationTest@5b3f61ff depends on not successfully finished methods 
[com.vinsquru.tests.fightreservation.FlightReservationTest.flightsSelectionTest() on instance com.vinsquru.tests.fightreservation.FlightReservationTest@5b3f61ff]]]>
            </message>
            <full-stacktrace>
              <![CDATA[java.lang.Throwable: Method com.vinsquru.tests.fightreservation.FlightReservationTest.fightReservationConfirmationTest() on instance com.vinsquru.tests.fightreservation.FlightReservationTest@5b3f61ff depends on not successfully finished methods 
[com.vinsquru.tests.fightreservation.FlightReservationTest.flightsSelectionTest() on instance com.vinsquru.tests.fightreservation.FlightReservationTest@5b3f61ff]
at org.testng.internal.invokers.TestInvoker.invokeTestMethods(TestInvoker.java:157)
at org.testng.internal.invokers.TestMethodWorker.invokeTestMethods(TestMethodWorker.java:148)
at org.testng.internal.invokers.TestMethodWorker.run(TestMethodWorker.java:128)
at java.base/java.util.ArrayList.forEach(ArrayList.java:1511)
at org.testng.TestRunner.privateRun(TestRunner.java:819)
at org.testng.TestRunner.run(TestRunner.java:619)
at org.testng.SuiteRunner.runTest(SuiteRunner.java:443)
at org.testng.SuiteRunner$SuiteWorker.run(SuiteRunner.java:481)
at org.testng.internal.thread.ThreadUtil.lambda$execute$0(ThreadUtil.java:58)
at java.base/java.util.concurrent.FutureTask.run(FutureTask.java:264)
at java.base/java.util.concurrent.ThreadPoolExecutor.runWorker(ThreadPoolExecutor.java:1136)
at java.base/java.util.concurrent.ThreadPoolExecutor$Worker.run(ThreadPoolExecutor.java:635)
at java.base/java.lang.Thread.run(Thread.java:833)
]]>
            </full-stacktrace>
          </exception> <!-- java.lang.Throwable -->
          <reporter-output>
          </reporter-output>
        </test-method> <!-- fightReservationConfirmationTest -->
        <test-method is-config="true" signature="quiteDriver()[pri:0, instance:com.vinsquru.tests.fightreservation.FlightReservationTest@5b3f61ff]" started-at="2024-02-24T14:47:44 GMT" name="quiteDriver" finished-at="2024-02-24T14:47:44 GMT" duration-ms="0" status="SKIP">
          <reporter-output>
          </reporter-output>
        </test-method> <!-- quiteDriver -->
      </class> <!-- com.vinsquru.tests.fightreservation.FlightReservationTest -->
    </test> <!-- passengers-count-3 -->
    <test started-at="2024-02-24T14:47:39 GMT" name="passengers-count-2" finished-at="2024-02-24T14:47:45 GMT" duration-ms="5972">
      <class name="com.vinsquru.tests.fightreservation.FlightReservationTest">
        <test-method is-config="true" signature="setDriver(org.testng.ITestContext)[pri:0, instance:com.vinsquru.tests.fightreservation.FlightReservationTest@1722011b]" started-at="2024-02-24T14:47:39 GMT" name="setDriver" finished-at="2024-02-24T14:47:45 GMT" duration-ms="5967" status="FAIL">
          <params>
            <param index="0">
              <value>
                <![CDATA[org.testng.TestRunner@34abfd61]]>
              </value>
            </param>
          </params>
          <exception class="org.openqa.selenium.SessionNotCreatedException">
            <message>
              <![CDATA[Could not start a new session. Possible causes are invalid address of the remote server or browser start-up failure. 
Host info: host: '0c0044c5a24f', ip: '172.17.0.2']]>
            </message>
            <full-stacktrace>
              <![CDATA[org.openqa.selenium.SessionNotCreatedException: Could not start a new session. Possible causes are invalid address of the remote server or browser start-up failure. 
Host info: host: '0c0044c5a24f', ip: '172.17.0.2'
at org.openqa.selenium.remote.RemoteWebDriver.execute(RemoteWebDriver.java:537)
at org.openqa.selenium.remote.RemoteWebDriver.startSession(RemoteWebDriver.java:233)
at org.openqa.selenium.remote.RemoteWebDriver.<init>(RemoteWebDriver.java:162)
at org.openqa.selenium.chromium.ChromiumDriver.<init>(ChromiumDriver.java:114)
at org.openqa.selenium.chrome.ChromeDriver.<init>(ChromeDriver.java:89)
at org.openqa.selenium.chrome.ChromeDriver.<init>(ChromeDriver.java:84)
at org.openqa.selenium.chrome.ChromeDriver.<init>(ChromeDriver.java:73)
at com.vinsquru.tests.AbstractTest.getLocalDriver(AbstractTest.java:53)
at com.vinsquru.tests.AbstractTest.setDriver(AbstractTest.java:34)
at java.base/jdk.internal.reflect.NativeMethodAccessorImpl.invoke0(Native Method)
at java.base/jdk.internal.reflect.NativeMethodAccessorImpl.invoke(NativeMethodAccessorImpl.java:77)
at java.base/jdk.internal.reflect.DelegatingMethodAccessorImpl.invoke(DelegatingMethodAccessorImpl.java:43)
at java.base/java.lang.reflect.Method.invoke(Method.java:568)
at org.testng.internal.invokers.MethodInvocationHelper.invokeMethod(MethodInvocationHelper.java:139)
at org.testng.internal.invokers.MethodInvocationHelper.invokeMethodConsideringTimeout(MethodInvocationHelper.java:69)
at org.testng.internal.invokers.ConfigInvoker.invokeConfigurationMethod(ConfigInvoker.java:393)
at org.testng.internal.invokers.ConfigInvoker.invokeConfigurations(ConfigInvoker.java:326)
at org.testng.TestRunner.invokeTestConfigurations(TestRunner.java:661)
at org.testng.TestRunner.beforeRun(TestRunner.java:650)
at org.testng.TestRunner.run(TestRunner.java:612)
at org.testng.SuiteRunner.runTest(SuiteRunner.java:443)
at org.testng.SuiteRunner$SuiteWorker.run(SuiteRunner.java:481)
at org.testng.internal.thread.ThreadUtil.lambda$execute$0(ThreadUtil.java:58)
at java.base/java.util.concurrent.FutureTask.run(FutureTask.java:264)
at java.base/java.util.concurrent.ThreadPoolExecutor.runWorker(ThreadPoolExecutor.java:1136)
at java.base/java.util.concurrent.ThreadPoolExecutor$Worker.run(ThreadPoolExecutor.java:635)
at java.base/java.lang.Thread.run(Thread.java:833)
Caused by: org.openqa.selenium.WebDriverException: Driver server process died prematurely.
Build info: version: '4.17.0', revision: 'e52b1be057*'
System info: os.name: 'Linux', os.arch: 'aarch64', os.version: '5.15.49-linuxkit', java.version: '17.0.8.1'
Driver info: driver.version: ChromeDriver
at org.openqa.selenium.remote.service.DriverService.start(DriverService.java:247)
at org.openqa.selenium.remote.service.DriverCommandExecutor.execute(DriverCommandExecutor.java:117)
at org.openqa.selenium.remote.RemoteWebDriver.execute(RemoteWebDriver.java:519)
... 26 more
]]>
            </full-stacktrace>
          </exception> <!-- org.openqa.selenium.SessionNotCreatedException -->
          <reporter-output>
          </reporter-output>
        </test-method> <!-- setDriver -->
        <test-method is-config="true" signature="setParameters(java.lang.String)[pri:0, instance:com.vinsquru.tests.fightreservation.FlightReservationTest@1722011b]" started-at="2024-02-24T14:47:45 GMT" name="setParameters" finished-at="2024-02-24T14:47:45 GMT" depends-on-methods="com.vinsquru.tests.AbstractTest.setDriver" duration-ms="0" status="SKIP">
          <reporter-output>
          </reporter-output>
        </test-method> <!-- setParameters -->
        <test-method signature="userRegistrationtest()[pri:0, instance:com.vinsquru.tests.fightreservation.FlightReservationTest@1722011b]" started-at="2024-02-24T14:47:45 GMT" name="userRegistrationtest" finished-at="2024-02-24T14:47:45 GMT" duration-ms="0" status="SKIP">
          <exception class="org.openqa.selenium.SessionNotCreatedException">
            <message>
              <![CDATA[Could not start a new session. Possible causes are invalid address of the remote server or browser start-up failure. 
Host info: host: '0c0044c5a24f', ip: '172.17.0.2']]>
            </message>
            <full-stacktrace>
              <![CDATA[org.openqa.selenium.SessionNotCreatedException: Could not start a new session. Possible causes are invalid address of the remote server or browser start-up failure. 
Host info: host: '0c0044c5a24f', ip: '172.17.0.2'
at org.openqa.selenium.remote.RemoteWebDriver.execute(RemoteWebDriver.java:537)
at org.openqa.selenium.remote.RemoteWebDriver.startSession(RemoteWebDriver.java:233)
at org.openqa.selenium.remote.RemoteWebDriver.<init>(RemoteWebDriver.java:162)
at org.openqa.selenium.chromium.ChromiumDriver.<init>(ChromiumDriver.java:114)
at org.openqa.selenium.chrome.ChromeDriver.<init>(ChromeDriver.java:89)
at org.openqa.selenium.chrome.ChromeDriver.<init>(ChromeDriver.java:84)
at org.openqa.selenium.chrome.ChromeDriver.<init>(ChromeDriver.java:73)
at com.vinsquru.tests.AbstractTest.getLocalDriver(AbstractTest.java:53)
at com.vinsquru.tests.AbstractTest.setDriver(AbstractTest.java:34)
at java.base/jdk.internal.reflect.NativeMethodAccessorImpl.invoke0(Native Method)
at java.base/jdk.internal.reflect.NativeMethodAccessorImpl.invoke(NativeMethodAccessorImpl.java:77)
at java.base/jdk.internal.reflect.DelegatingMethodAccessorImpl.invoke(DelegatingMethodAccessorImpl.java:43)
at java.base/java.lang.reflect.Method.invoke(Method.java:568)
at org.testng.internal.invokers.MethodInvocationHelper.invokeMethod(MethodInvocationHelper.java:139)
at org.testng.internal.invokers.MethodInvocationHelper.invokeMethodConsideringTimeout(MethodInvocationHelper.java:69)
at org.testng.internal.invokers.ConfigInvoker.invokeConfigurationMethod(ConfigInvoker.java:393)
at org.testng.internal.invokers.ConfigInvoker.invokeConfigurations(ConfigInvoker.java:326)
at org.testng.TestRunner.invokeTestConfigurations(TestRunner.java:661)
at org.testng.TestRunner.beforeRun(TestRunner.java:650)
at org.testng.TestRunner.run(TestRunner.java:612)
at org.testng.SuiteRunner.runTest(SuiteRunner.java:443)
at org.testng.SuiteRunner$SuiteWorker.run(SuiteRunner.java:481)
at org.testng.internal.thread.ThreadUtil.lambda$execute$0(ThreadUtil.java:58)
at java.base/java.util.concurrent.FutureTask.run(FutureTask.java:264)
at java.base/java.util.concurrent.ThreadPoolExecutor.runWorker(ThreadPoolExecutor.java:1136)
at java.base/java.util.concurrent.ThreadPoolExecutor$Worker.run(ThreadPoolExecutor.java:635)
at java.base/java.lang.Thread.run(Thread.java:833)
Caused by: org.openqa.selenium.WebDriverException: Driver server process died prematurely.
Build info: version: '4.17.0', revision: 'e52b1be057*'
System info: os.name: 'Linux', os.arch: 'aarch64', os.version: '5.15.49-linuxkit', java.version: '17.0.8.1'
Driver info: driver.version: ChromeDriver
at org.openqa.selenium.remote.service.DriverService.start(DriverService.java:247)
at org.openqa.selenium.remote.service.DriverCommandExecutor.execute(DriverCommandExecutor.java:117)
at org.openqa.selenium.remote.RemoteWebDriver.execute(RemoteWebDriver.java:519)
... 26 more
]]>
            </full-stacktrace>
          </exception> <!-- org.openqa.selenium.SessionNotCreatedException -->
          <reporter-output>
          </reporter-output>
        </test-method> <!-- userRegistrationtest -->
        <test-method is-config="true" signature="sleep()[pri:0, instance:com.vinsquru.tests.fightreservation.FlightReservationTest@1722011b]" started-at="2024-02-24T14:47:45 GMT" name="sleep" finished-at="2024-02-24T14:47:45 GMT" duration-ms="0" status="SKIP">
          <reporter-output>
          </reporter-output>
        </test-method> <!-- sleep -->
        <test-method signature="flightsSearchTest()[pri:0, instance:com.vinsquru.tests.fightreservation.FlightReservationTest@1722011b]" started-at="2024-02-24T14:47:45 GMT" name="flightsSearchTest" finished-at="2024-02-24T14:47:45 GMT" depends-on-methods="com.vinsquru.tests.fightreservation.FlightReservationTest.registrationConfirmationTest" duration-ms="0" status="SKIP">
          <exception class="java.lang.Throwable">
            <message>
              <![CDATA[Method com.vinsquru.tests.fightreservation.FlightReservationTest.flightsSearchTest() on instance com.vinsquru.tests.fightreservation.FlightReservationTest@1722011b depends on not successfully finished methods 
[com.vinsquru.tests.fightreservation.FlightReservationTest.registrationConfirmationTest() on instance com.vinsquru.tests.fightreservation.FlightReservationTest@1722011b]]]>
            </message>
            <full-stacktrace>
              <![CDATA[java.lang.Throwable: Method com.vinsquru.tests.fightreservation.FlightReservationTest.flightsSearchTest() on instance com.vinsquru.tests.fightreservation.FlightReservationTest@1722011b depends on not successfully finished methods 
[com.vinsquru.tests.fightreservation.FlightReservationTest.registrationConfirmationTest() on instance com.vinsquru.tests.fightreservation.FlightReservationTest@1722011b]
at org.testng.internal.invokers.TestInvoker.invokeTestMethods(TestInvoker.java:157)
at org.testng.internal.invokers.TestMethodWorker.invokeTestMethods(TestMethodWorker.java:148)
at org.testng.internal.invokers.TestMethodWorker.run(TestMethodWorker.java:128)
at java.base/java.util.ArrayList.forEach(ArrayList.java:1511)
at org.testng.TestRunner.privateRun(TestRunner.java:819)
at org.testng.TestRunner.run(TestRunner.java:619)
at org.testng.SuiteRunner.runTest(SuiteRunner.java:443)
at org.testng.SuiteRunner$SuiteWorker.run(SuiteRunner.java:481)
at org.testng.internal.thread.ThreadUtil.lambda$execute$0(ThreadUtil.java:58)
at java.base/java.util.concurrent.FutureTask.run(FutureTask.java:264)
at java.base/java.util.concurrent.ThreadPoolExecutor.runWorker(ThreadPoolExecutor.java:1136)
at java.base/java.util.concurrent.ThreadPoolExecutor$Worker.run(ThreadPoolExecutor.java:635)
at java.base/java.lang.Thread.run(Thread.java:833)
]]>
            </full-stacktrace>
          </exception> <!-- java.lang.Throwable -->
          <reporter-output>
          </reporter-output>
        </test-method> <!-- flightsSearchTest -->
        <test-method signature="flightsSelectionTest()[pri:0, instance:com.vinsquru.tests.fightreservation.FlightReservationTest@1722011b]" started-at="2024-02-24T14:47:45 GMT" name="flightsSelectionTest" finished-at="2024-02-24T14:47:45 GMT" depends-on-methods="com.vinsquru.tests.fightreservation.FlightReservationTest.flightsSearchTest" duration-ms="0" status="SKIP">
          <exception class="java.lang.Throwable">
            <message>
              <![CDATA[Method com.vinsquru.tests.fightreservation.FlightReservationTest.flightsSelectionTest() on instance com.vinsquru.tests.fightreservation.FlightReservationTest@1722011b depends on not successfully finished methods 
[com.vinsquru.tests.fightreservation.FlightReservationTest.flightsSearchTest() on instance com.vinsquru.tests.fightreservation.FlightReservationTest@1722011b]]]>
            </message>
            <full-stacktrace>
              <![CDATA[java.lang.Throwable: Method com.vinsquru.tests.fightreservation.FlightReservationTest.flightsSelectionTest() on instance com.vinsquru.tests.fightreservation.FlightReservationTest@1722011b depends on not successfully finished methods 
[com.vinsquru.tests.fightreservation.FlightReservationTest.flightsSearchTest() on instance com.vinsquru.tests.fightreservation.FlightReservationTest@1722011b]
at org.testng.internal.invokers.TestInvoker.invokeTestMethods(TestInvoker.java:157)
at org.testng.internal.invokers.TestMethodWorker.invokeTestMethods(TestMethodWorker.java:148)
at org.testng.internal.invokers.TestMethodWorker.run(TestMethodWorker.java:128)
at java.base/java.util.ArrayList.forEach(ArrayList.java:1511)
at org.testng.TestRunner.privateRun(TestRunner.java:819)
at org.testng.TestRunner.run(TestRunner.java:619)
at org.testng.SuiteRunner.runTest(SuiteRunner.java:443)
at org.testng.SuiteRunner$SuiteWorker.run(SuiteRunner.java:481)
at org.testng.internal.thread.ThreadUtil.lambda$execute$0(ThreadUtil.java:58)
at java.base/java.util.concurrent.FutureTask.run(FutureTask.java:264)
at java.base/java.util.concurrent.ThreadPoolExecutor.runWorker(ThreadPoolExecutor.java:1136)
at java.base/java.util.concurrent.ThreadPoolExecutor$Worker.run(ThreadPoolExecutor.java:635)
at java.base/java.lang.Thread.run(Thread.java:833)
]]>
            </full-stacktrace>
          </exception> <!-- java.lang.Throwable -->
          <reporter-output>
          </reporter-output>
        </test-method> <!-- flightsSelectionTest -->
        <test-method signature="registrationConfirmationTest()[pri:0, instance:com.vinsquru.tests.fightreservation.FlightReservationTest@1722011b]" started-at="2024-02-24T14:47:45 GMT" name="registrationConfirmationTest" finished-at="2024-02-24T14:47:45 GMT" depends-on-methods="com.vinsquru.tests.fightreservation.FlightReservationTest.userRegistrationtest" duration-ms="0" status="SKIP">
          <exception class="java.lang.Throwable">
            <message>
              <![CDATA[Method com.vinsquru.tests.fightreservation.FlightReservationTest.registrationConfirmationTest() on instance com.vinsquru.tests.fightreservation.FlightReservationTest@1722011b depends on not successfully finished methods 
[com.vinsquru.tests.fightreservation.FlightReservationTest.userRegistrationtest() on instance com.vinsquru.tests.fightreservation.FlightReservationTest@1722011b]]]>
            </message>
            <full-stacktrace>
              <![CDATA[java.lang.Throwable: Method com.vinsquru.tests.fightreservation.FlightReservationTest.registrationConfirmationTest() on instance com.vinsquru.tests.fightreservation.FlightReservationTest@1722011b depends on not successfully finished methods 
[com.vinsquru.tests.fightreservation.FlightReservationTest.userRegistrationtest() on instance com.vinsquru.tests.fightreservation.FlightReservationTest@1722011b]
at org.testng.internal.invokers.TestInvoker.invokeTestMethods(TestInvoker.java:157)
at org.testng.internal.invokers.TestMethodWorker.invokeTestMethods(TestMethodWorker.java:148)
at org.testng.internal.invokers.TestMethodWorker.run(TestMethodWorker.java:128)
at java.base/java.util.ArrayList.forEach(ArrayList.java:1511)
at org.testng.TestRunner.privateRun(TestRunner.java:819)
at org.testng.TestRunner.run(TestRunner.java:619)
at org.testng.SuiteRunner.runTest(SuiteRunner.java:443)
at org.testng.SuiteRunner$SuiteWorker.run(SuiteRunner.java:481)
at org.testng.internal.thread.ThreadUtil.lambda$execute$0(ThreadUtil.java:58)
at java.base/java.util.concurrent.FutureTask.run(FutureTask.java:264)
at java.base/java.util.concurrent.ThreadPoolExecutor.runWorker(ThreadPoolExecutor.java:1136)
at java.base/java.util.concurrent.ThreadPoolExecutor$Worker.run(ThreadPoolExecutor.java:635)
at java.base/java.lang.Thread.run(Thread.java:833)
]]>
            </full-stacktrace>
          </exception> <!-- java.lang.Throwable -->
          <reporter-output>
          </reporter-output>
        </test-method> <!-- registrationConfirmationTest -->
        <test-method signature="fightReservationConfirmationTest()[pri:0, instance:com.vinsquru.tests.fightreservation.FlightReservationTest@1722011b]" started-at="2024-02-24T14:47:45 GMT" name="fightReservationConfirmationTest" finished-at="2024-02-24T14:47:45 GMT" depends-on-methods="com.vinsquru.tests.fightreservation.FlightReservationTest.flightsSelectionTest" duration-ms="0" status="SKIP">
          <exception class="java.lang.Throwable">
            <message>
              <![CDATA[Method com.vinsquru.tests.fightreservation.FlightReservationTest.fightReservationConfirmationTest() on instance com.vinsquru.tests.fightreservation.FlightReservationTest@1722011b depends on not successfully finished methods 
[com.vinsquru.tests.fightreservation.FlightReservationTest.flightsSelectionTest() on instance com.vinsquru.tests.fightreservation.FlightReservationTest@1722011b]]]>
            </message>
            <full-stacktrace>
              <![CDATA[java.lang.Throwable: Method com.vinsquru.tests.fightreservation.FlightReservationTest.fightReservationConfirmationTest() on instance com.vinsquru.tests.fightreservation.FlightReservationTest@1722011b depends on not successfully finished methods 
[com.vinsquru.tests.fightreservation.FlightReservationTest.flightsSelectionTest() on instance com.vinsquru.tests.fightreservation.FlightReservationTest@1722011b]
at org.testng.internal.invokers.TestInvoker.invokeTestMethods(TestInvoker.java:157)
at org.testng.internal.invokers.TestMethodWorker.invokeTestMethods(TestMethodWorker.java:148)
at org.testng.internal.invokers.TestMethodWorker.run(TestMethodWorker.java:128)
at java.base/java.util.ArrayList.forEach(ArrayList.java:1511)
at org.testng.TestRunner.privateRun(TestRunner.java:819)
at org.testng.TestRunner.run(TestRunner.java:619)
at org.testng.SuiteRunner.runTest(SuiteRunner.java:443)
at org.testng.SuiteRunner$SuiteWorker.run(SuiteRunner.java:481)
at org.testng.internal.thread.ThreadUtil.lambda$execute$0(ThreadUtil.java:58)
at java.base/java.util.concurrent.FutureTask.run(FutureTask.java:264)
at java.base/java.util.concurrent.ThreadPoolExecutor.runWorker(ThreadPoolExecutor.java:1136)
at java.base/java.util.concurrent.ThreadPoolExecutor$Worker.run(ThreadPoolExecutor.java:635)
at java.base/java.lang.Thread.run(Thread.java:833)
]]>
            </full-stacktrace>
          </exception> <!-- java.lang.Throwable -->
          <reporter-output>
          </reporter-output>
        </test-method> <!-- fightReservationConfirmationTest -->
        <test-method is-config="true" signature="quiteDriver()[pri:0, instance:com.vinsquru.tests.fightreservation.FlightReservationTest@1722011b]" started-at="2024-02-24T14:47:45 GMT" name="quiteDriver" finished-at="2024-02-24T14:47:45 GMT" duration-ms="0" status="SKIP">
          <reporter-output>
          </reporter-output>
        </test-method> <!-- quiteDriver -->
      </class> <!-- com.vinsquru.tests.fightreservation.FlightReservationTest -->
    </test> <!-- passengers-count-2 -->
    <test started-at="2024-02-24T14:47:39 GMT" name="passengers-count-4" finished-at="2024-02-24T14:47:45 GMT" duration-ms="6138">
      <class name="com.vinsquru.tests.fightreservation.FlightReservationTest">
        <test-method is-config="true" signature="setupConfig()[pri:0, instance:com.vinsquru.tests.fightreservation.FlightReservationTest@7cb502c]" started-at="2024-02-24T14:47:39 GMT" name="setupConfig" finished-at="2024-02-24T14:47:39 GMT" duration-ms="8" status="PASS">
          <reporter-output>
          </reporter-output>
        </test-method> <!-- setupConfig -->
        <test-method is-config="true" signature="setDriver(org.testng.ITestContext)[pri:0, instance:com.vinsquru.tests.fightreservation.FlightReservationTest@7cb502c]" started-at="2024-02-24T14:47:39 GMT" name="setDriver" finished-at="2024-02-24T14:47:45 GMT" duration-ms="6130" status="FAIL">
          <params>
            <param index="0">
              <value>
                <![CDATA[org.testng.TestRunner@5dde0dc5]]>
              </value>
            </param>
          </params>
          <exception class="org.openqa.selenium.SessionNotCreatedException">
            <message>
              <![CDATA[Could not start a new session. Possible causes are invalid address of the remote server or browser start-up failure. 
Host info: host: '0c0044c5a24f', ip: '172.17.0.2']]>
            </message>
            <full-stacktrace>
              <![CDATA[org.openqa.selenium.SessionNotCreatedException: Could not start a new session. Possible causes are invalid address of the remote server or browser start-up failure. 
Host info: host: '0c0044c5a24f', ip: '172.17.0.2'
at org.openqa.selenium.remote.RemoteWebDriver.execute(RemoteWebDriver.java:537)
at org.openqa.selenium.remote.RemoteWebDriver.startSession(RemoteWebDriver.java:233)
at org.openqa.selenium.remote.RemoteWebDriver.<init>(RemoteWebDriver.java:162)
at org.openqa.selenium.chromium.ChromiumDriver.<init>(ChromiumDriver.java:114)
at org.openqa.selenium.chrome.ChromeDriver.<init>(ChromeDriver.java:89)
at org.openqa.selenium.chrome.ChromeDriver.<init>(ChromeDriver.java:84)
at org.openqa.selenium.chrome.ChromeDriver.<init>(ChromeDriver.java:73)
at com.vinsquru.tests.AbstractTest.getLocalDriver(AbstractTest.java:53)
at com.vinsquru.tests.AbstractTest.setDriver(AbstractTest.java:34)
at java.base/jdk.internal.reflect.NativeMethodAccessorImpl.invoke0(Native Method)
at java.base/jdk.internal.reflect.NativeMethodAccessorImpl.invoke(NativeMethodAccessorImpl.java:77)
at java.base/jdk.internal.reflect.DelegatingMethodAccessorImpl.invoke(DelegatingMethodAccessorImpl.java:43)
at java.base/java.lang.reflect.Method.invoke(Method.java:568)
at org.testng.internal.invokers.MethodInvocationHelper.invokeMethod(MethodInvocationHelper.java:139)
at org.testng.internal.invokers.MethodInvocationHelper.invokeMethodConsideringTimeout(MethodInvocationHelper.java:69)
at org.testng.internal.invokers.ConfigInvoker.invokeConfigurationMethod(ConfigInvoker.java:393)
at org.testng.internal.invokers.ConfigInvoker.invokeConfigurations(ConfigInvoker.java:326)
at org.testng.TestRunner.invokeTestConfigurations(TestRunner.java:661)
at org.testng.TestRunner.beforeRun(TestRunner.java:650)
at org.testng.TestRunner.run(TestRunner.java:612)
at org.testng.SuiteRunner.runTest(SuiteRunner.java:443)
at org.testng.SuiteRunner$SuiteWorker.run(SuiteRunner.java:481)
at org.testng.internal.thread.ThreadUtil.lambda$execute$0(ThreadUtil.java:58)
at java.base/java.util.concurrent.FutureTask.run(FutureTask.java:264)
at java.base/java.util.concurrent.ThreadPoolExecutor.runWorker(ThreadPoolExecutor.java:1136)
at java.base/java.util.concurrent.ThreadPoolExecutor$Worker.run(ThreadPoolExecutor.java:635)
at java.base/java.lang.Thread.run(Thread.java:833)
Caused by: org.openqa.selenium.WebDriverException: Driver server process died prematurely.
Build info: version: '4.17.0', revision: 'e52b1be057*'
System info: os.name: 'Linux', os.arch: 'aarch64', os.version: '5.15.49-linuxkit', java.version: '17.0.8.1'
Driver info: driver.version: ChromeDriver
at org.openqa.selenium.remote.service.DriverService.start(DriverService.java:247)
at org.openqa.selenium.remote.service.DriverCommandExecutor.execute(DriverCommandExecutor.java:117)
at org.openqa.selenium.remote.RemoteWebDriver.execute(RemoteWebDriver.java:519)
... 26 more
]]>
            </full-stacktrace>
          </exception> <!-- org.openqa.selenium.SessionNotCreatedException -->
          <reporter-output>
          </reporter-output>
        </test-method> <!-- setDriver -->
        <test-method is-config="true" signature="setParameters(java.lang.String)[pri:0, instance:com.vinsquru.tests.fightreservation.FlightReservationTest@7cb502c]" started-at="2024-02-24T14:47:45 GMT" name="setParameters" finished-at="2024-02-24T14:47:45 GMT" depends-on-methods="com.vinsquru.tests.AbstractTest.setDriver" duration-ms="0" status="SKIP">
          <reporter-output>
          </reporter-output>
        </test-method> <!-- setParameters -->
        <test-method signature="userRegistrationtest()[pri:0, instance:com.vinsquru.tests.fightreservation.FlightReservationTest@7cb502c]" started-at="2024-02-24T14:47:45 GMT" name="userRegistrationtest" finished-at="2024-02-24T14:47:45 GMT" duration-ms="0" status="SKIP">
          <exception class="org.openqa.selenium.SessionNotCreatedException">
            <message>
              <![CDATA[Could not start a new session. Possible causes are invalid address of the remote server or browser start-up failure. 
Host info: host: '0c0044c5a24f', ip: '172.17.0.2']]>
            </message>
            <full-stacktrace>
              <![CDATA[org.openqa.selenium.SessionNotCreatedException: Could not start a new session. Possible causes are invalid address of the remote server or browser start-up failure. 
Host info: host: '0c0044c5a24f', ip: '172.17.0.2'
at org.openqa.selenium.remote.RemoteWebDriver.execute(RemoteWebDriver.java:537)
at org.openqa.selenium.remote.RemoteWebDriver.startSession(RemoteWebDriver.java:233)
at org.openqa.selenium.remote.RemoteWebDriver.<init>(RemoteWebDriver.java:162)
at org.openqa.selenium.chromium.ChromiumDriver.<init>(ChromiumDriver.java:114)
at org.openqa.selenium.chrome.ChromeDriver.<init>(ChromeDriver.java:89)
at org.openqa.selenium.chrome.ChromeDriver.<init>(ChromeDriver.java:84)
at org.openqa.selenium.chrome.ChromeDriver.<init>(ChromeDriver.java:73)
at com.vinsquru.tests.AbstractTest.getLocalDriver(AbstractTest.java:53)
at com.vinsquru.tests.AbstractTest.setDriver(AbstractTest.java:34)
at java.base/jdk.internal.reflect.NativeMethodAccessorImpl.invoke0(Native Method)
at java.base/jdk.internal.reflect.NativeMethodAccessorImpl.invoke(NativeMethodAccessorImpl.java:77)
at java.base/jdk.internal.reflect.DelegatingMethodAccessorImpl.invoke(DelegatingMethodAccessorImpl.java:43)
at java.base/java.lang.reflect.Method.invoke(Method.java:568)
at org.testng.internal.invokers.MethodInvocationHelper.invokeMethod(MethodInvocationHelper.java:139)
at org.testng.internal.invokers.MethodInvocationHelper.invokeMethodConsideringTimeout(MethodInvocationHelper.java:69)
at org.testng.internal.invokers.ConfigInvoker.invokeConfigurationMethod(ConfigInvoker.java:393)
at org.testng.internal.invokers.ConfigInvoker.invokeConfigurations(ConfigInvoker.java:326)
at org.testng.TestRunner.invokeTestConfigurations(TestRunner.java:661)
at org.testng.TestRunner.beforeRun(TestRunner.java:650)
at org.testng.TestRunner.run(TestRunner.java:612)
at org.testng.SuiteRunner.runTest(SuiteRunner.java:443)
at org.testng.SuiteRunner$SuiteWorker.run(SuiteRunner.java:481)
at org.testng.internal.thread.ThreadUtil.lambda$execute$0(ThreadUtil.java:58)
at java.base/java.util.concurrent.FutureTask.run(FutureTask.java:264)
at java.base/java.util.concurrent.ThreadPoolExecutor.runWorker(ThreadPoolExecutor.java:1136)
at java.base/java.util.concurrent.ThreadPoolExecutor$Worker.run(ThreadPoolExecutor.java:635)
at java.base/java.lang.Thread.run(Thread.java:833)
Caused by: org.openqa.selenium.WebDriverException: Driver server process died prematurely.
Build info: version: '4.17.0', revision: 'e52b1be057*'
System info: os.name: 'Linux', os.arch: 'aarch64', os.version: '5.15.49-linuxkit', java.version: '17.0.8.1'
Driver info: driver.version: ChromeDriver
at org.openqa.selenium.remote.service.DriverService.start(DriverService.java:247)
at org.openqa.selenium.remote.service.DriverCommandExecutor.execute(DriverCommandExecutor.java:117)
at org.openqa.selenium.remote.RemoteWebDriver.execute(RemoteWebDriver.java:519)
... 26 more
]]>
            </full-stacktrace>
          </exception> <!-- org.openqa.selenium.SessionNotCreatedException -->
          <reporter-output>
          </reporter-output>
        </test-method> <!-- userRegistrationtest -->
        <test-method signature="registrationConfirmationTest()[pri:0, instance:com.vinsquru.tests.fightreservation.FlightReservationTest@7cb502c]" started-at="2024-02-24T14:47:45 GMT" name="registrationConfirmationTest" finished-at="2024-02-24T14:47:45 GMT" depends-on-methods="com.vinsquru.tests.fightreservation.FlightReservationTest.userRegistrationtest" duration-ms="0" status="SKIP">
          <exception class="java.lang.Throwable">
            <message>
              <![CDATA[Method com.vinsquru.tests.fightreservation.FlightReservationTest.registrationConfirmationTest() on instance com.vinsquru.tests.fightreservation.FlightReservationTest@7cb502c depends on not successfully finished methods 
[com.vinsquru.tests.fightreservation.FlightReservationTest.userRegistrationtest() on instance com.vinsquru.tests.fightreservation.FlightReservationTest@7cb502c]]]>
            </message>
            <full-stacktrace>
              <![CDATA[java.lang.Throwable: Method com.vinsquru.tests.fightreservation.FlightReservationTest.registrationConfirmationTest() on instance com.vinsquru.tests.fightreservation.FlightReservationTest@7cb502c depends on not successfully finished methods 
[com.vinsquru.tests.fightreservation.FlightReservationTest.userRegistrationtest() on instance com.vinsquru.tests.fightreservation.FlightReservationTest@7cb502c]
at org.testng.internal.invokers.TestInvoker.invokeTestMethods(TestInvoker.java:157)
at org.testng.internal.invokers.TestMethodWorker.invokeTestMethods(TestMethodWorker.java:148)
at org.testng.internal.invokers.TestMethodWorker.run(TestMethodWorker.java:128)
at java.base/java.util.ArrayList.forEach(ArrayList.java:1511)
at org.testng.TestRunner.privateRun(TestRunner.java:819)
at org.testng.TestRunner.run(TestRunner.java:619)
at org.testng.SuiteRunner.runTest(SuiteRunner.java:443)
at org.testng.SuiteRunner$SuiteWorker.run(SuiteRunner.java:481)
at org.testng.internal.thread.ThreadUtil.lambda$execute$0(ThreadUtil.java:58)
at java.base/java.util.concurrent.FutureTask.run(FutureTask.java:264)
at java.base/java.util.concurrent.ThreadPoolExecutor.runWorker(ThreadPoolExecutor.java:1136)
at java.base/java.util.concurrent.ThreadPoolExecutor$Worker.run(ThreadPoolExecutor.java:635)
at java.base/java.lang.Thread.run(Thread.java:833)
]]>
            </full-stacktrace>
          </exception> <!-- java.lang.Throwable -->
          <reporter-output>
          </reporter-output>
        </test-method> <!-- registrationConfirmationTest -->
        <test-method signature="flightsSearchTest()[pri:0, instance:com.vinsquru.tests.fightreservation.FlightReservationTest@7cb502c]" started-at="2024-02-24T14:47:45 GMT" name="flightsSearchTest" finished-at="2024-02-24T14:47:45 GMT" depends-on-methods="com.vinsquru.tests.fightreservation.FlightReservationTest.registrationConfirmationTest" duration-ms="0" status="SKIP">
          <exception class="java.lang.Throwable">
            <message>
              <![CDATA[Method com.vinsquru.tests.fightreservation.FlightReservationTest.flightsSearchTest() on instance com.vinsquru.tests.fightreservation.FlightReservationTest@7cb502c depends on not successfully finished methods 
[com.vinsquru.tests.fightreservation.FlightReservationTest.registrationConfirmationTest() on instance com.vinsquru.tests.fightreservation.FlightReservationTest@7cb502c]]]>
            </message>
            <full-stacktrace>
              <![CDATA[java.lang.Throwable: Method com.vinsquru.tests.fightreservation.FlightReservationTest.flightsSearchTest() on instance com.vinsquru.tests.fightreservation.FlightReservationTest@7cb502c depends on not successfully finished methods 
[com.vinsquru.tests.fightreservation.FlightReservationTest.registrationConfirmationTest() on instance com.vinsquru.tests.fightreservation.FlightReservationTest@7cb502c]
at org.testng.internal.invokers.TestInvoker.invokeTestMethods(TestInvoker.java:157)
at org.testng.internal.invokers.TestMethodWorker.invokeTestMethods(TestMethodWorker.java:148)
at org.testng.internal.invokers.TestMethodWorker.run(TestMethodWorker.java:128)
at java.base/java.util.ArrayList.forEach(ArrayList.java:1511)
at org.testng.TestRunner.privateRun(TestRunner.java:819)
at org.testng.TestRunner.run(TestRunner.java:619)
at org.testng.SuiteRunner.runTest(SuiteRunner.java:443)
at org.testng.SuiteRunner$SuiteWorker.run(SuiteRunner.java:481)
at org.testng.internal.thread.ThreadUtil.lambda$execute$0(ThreadUtil.java:58)
at java.base/java.util.concurrent.FutureTask.run(FutureTask.java:264)
at java.base/java.util.concurrent.ThreadPoolExecutor.runWorker(ThreadPoolExecutor.java:1136)
at java.base/java.util.concurrent.ThreadPoolExecutor$Worker.run(ThreadPoolExecutor.java:635)
at java.base/java.lang.Thread.run(Thread.java:833)
]]>
            </full-stacktrace>
          </exception> <!-- java.lang.Throwable -->
          <reporter-output>
          </reporter-output>
        </test-method> <!-- flightsSearchTest -->
        <test-method is-config="true" signature="sleep()[pri:0, instance:com.vinsquru.tests.fightreservation.FlightReservationTest@7cb502c]" started-at="2024-02-24T14:47:45 GMT" name="sleep" finished-at="2024-02-24T14:47:45 GMT" duration-ms="0" status="SKIP">
          <reporter-output>
          </reporter-output>
        </test-method> <!-- sleep -->
        <test-method signature="flightsSelectionTest()[pri:0, instance:com.vinsquru.tests.fightreservation.FlightReservationTest@7cb502c]" started-at="2024-02-24T14:47:45 GMT" name="flightsSelectionTest" finished-at="2024-02-24T14:47:45 GMT" depends-on-methods="com.vinsquru.tests.fightreservation.FlightReservationTest.flightsSearchTest" duration-ms="0" status="SKIP">
          <exception class="java.lang.Throwable">
            <message>
              <![CDATA[Method com.vinsquru.tests.fightreservation.FlightReservationTest.flightsSelectionTest() on instance com.vinsquru.tests.fightreservation.FlightReservationTest@7cb502c depends on not successfully finished methods 
[com.vinsquru.tests.fightreservation.FlightReservationTest.flightsSearchTest() on instance com.vinsquru.tests.fightreservation.FlightReservationTest@7cb502c]]]>
            </message>
            <full-stacktrace>
              <![CDATA[java.lang.Throwable: Method com.vinsquru.tests.fightreservation.FlightReservationTest.flightsSelectionTest() on instance com.vinsquru.tests.fightreservation.FlightReservationTest@7cb502c depends on not successfully finished methods 
[com.vinsquru.tests.fightreservation.FlightReservationTest.flightsSearchTest() on instance com.vinsquru.tests.fightreservation.FlightReservationTest@7cb502c]
at org.testng.internal.invokers.TestInvoker.invokeTestMethods(TestInvoker.java:157)
at org.testng.internal.invokers.TestMethodWorker.invokeTestMethods(TestMethodWorker.java:148)
at org.testng.internal.invokers.TestMethodWorker.run(TestMethodWorker.java:128)
at java.base/java.util.ArrayList.forEach(ArrayList.java:1511)
at org.testng.TestRunner.privateRun(TestRunner.java:819)
at org.testng.TestRunner.run(TestRunner.java:619)
at org.testng.SuiteRunner.runTest(SuiteRunner.java:443)
at org.testng.SuiteRunner$SuiteWorker.run(SuiteRunner.java:481)
at org.testng.internal.thread.ThreadUtil.lambda$execute$0(ThreadUtil.java:58)
at java.base/java.util.concurrent.FutureTask.run(FutureTask.java:264)
at java.base/java.util.concurrent.ThreadPoolExecutor.runWorker(ThreadPoolExecutor.java:1136)
at java.base/java.util.concurrent.ThreadPoolExecutor$Worker.run(ThreadPoolExecutor.java:635)
at java.base/java.lang.Thread.run(Thread.java:833)
]]>
            </full-stacktrace>
          </exception> <!-- java.lang.Throwable -->
          <reporter-output>
          </reporter-output>
        </test-method> <!-- flightsSelectionTest -->
        <test-method signature="fightReservationConfirmationTest()[pri:0, instance:com.vinsquru.tests.fightreservation.FlightReservationTest@7cb502c]" started-at="2024-02-24T14:47:45 GMT" name="fightReservationConfirmationTest" finished-at="2024-02-24T14:47:45 GMT" depends-on-methods="com.vinsquru.tests.fightreservation.FlightReservationTest.flightsSelectionTest" duration-ms="0" status="SKIP">
          <exception class="java.lang.Throwable">
            <message>
              <![CDATA[Method com.vinsquru.tests.fightreservation.FlightReservationTest.fightReservationConfirmationTest() on instance com.vinsquru.tests.fightreservation.FlightReservationTest@7cb502c depends on not successfully finished methods 
[com.vinsquru.tests.fightreservation.FlightReservationTest.flightsSelectionTest() on instance com.vinsquru.tests.fightreservation.FlightReservationTest@7cb502c]]]>
            </message>
            <full-stacktrace>
              <![CDATA[java.lang.Throwable: Method com.vinsquru.tests.fightreservation.FlightReservationTest.fightReservationConfirmationTest() on instance com.vinsquru.tests.fightreservation.FlightReservationTest@7cb502c depends on not successfully finished methods 
[com.vinsquru.tests.fightreservation.FlightReservationTest.flightsSelectionTest() on instance com.vinsquru.tests.fightreservation.FlightReservationTest@7cb502c]
at org.testng.internal.invokers.TestInvoker.invokeTestMethods(TestInvoker.java:157)
at org.testng.internal.invokers.TestMethodWorker.invokeTestMethods(TestMethodWorker.java:148)
at org.testng.internal.invokers.TestMethodWorker.run(TestMethodWorker.java:128)
at java.base/java.util.ArrayList.forEach(ArrayList.java:1511)
at org.testng.TestRunner.privateRun(TestRunner.java:819)
at org.testng.TestRunner.run(TestRunner.java:619)
at org.testng.SuiteRunner.runTest(SuiteRunner.java:443)
at org.testng.SuiteRunner$SuiteWorker.run(SuiteRunner.java:481)
at org.testng.internal.thread.ThreadUtil.lambda$execute$0(ThreadUtil.java:58)
at java.base/java.util.concurrent.FutureTask.run(FutureTask.java:264)
at java.base/java.util.concurrent.ThreadPoolExecutor.runWorker(ThreadPoolExecutor.java:1136)
at java.base/java.util.concurrent.ThreadPoolExecutor$Worker.run(ThreadPoolExecutor.java:635)
at java.base/java.lang.Thread.run(Thread.java:833)
]]>
            </full-stacktrace>
          </exception> <!-- java.lang.Throwable -->
          <reporter-output>
          </reporter-output>
        </test-method> <!-- fightReservationConfirmationTest -->
        <test-method is-config="true" signature="quiteDriver()[pri:0, instance:com.vinsquru.tests.fightreservation.FlightReservationTest@7cb502c]" started-at="2024-02-24T14:47:45 GMT" name="quiteDriver" finished-at="2024-02-24T14:47:45 GMT" duration-ms="0" status="SKIP">
          <reporter-output>
          </reporter-output>
        </test-method> <!-- quiteDriver -->
      </class> <!-- com.vinsquru.tests.fightreservation.FlightReservationTest -->
    </test> <!-- passengers-count-4 -->
  </suite> <!-- FlightReservationTest -->
</testng-results>
